/*C3*/SET SCHEMA PUBLIC
alter table developers_languages drop constraint FKfdq11mehl5j7l96snd9axetnw
alter table developers_languages drop constraint FKm9mbtdpyxaf7wn15wye95sd3l
alter table programming_languages_developers drop constraint FK906i6lxfk7n3dknvdb9364d83
alter table programming_languages_developers drop constraint FKctpwvsjgqojcaj81ee778o7qb
drop table developers if exists
drop table developers_languages if exists
drop table interview if exists
drop table languages if exists
drop table programming_languages if exists
drop table programming_languages_developers if exists
drop sequence hibernate_sequence if exists
create sequence hibernate_sequence start with 1 increment by 1
create table developers (id bigint not null, email varchar(255), primary key (id))
create table developers_languages (developersid bigint not null, languagesid bigint not null)
create table interview (id bigint generated by default as identity (start with 1), comment varchar(255), score varchar(255), primary key (id))
create table languages (id bigint generated by default as identity (start with 1), code varchar(255), primary key (id))
create table programming_languages (id bigint not null, name varchar(255), primary key (id))
create table programming_languages_developers (programming_languagesid bigint not null, developersid bigint not null)
alter table developers_languages add constraint FKfdq11mehl5j7l96snd9axetnw foreign key (languagesid) references languages
alter table developers_languages add constraint FKm9mbtdpyxaf7wn15wye95sd3l foreign key (developersid) references developers
alter table programming_languages_developers add constraint FK906i6lxfk7n3dknvdb9364d83 foreign key (developersid) references developers
alter table programming_languages_developers add constraint FKctpwvsjgqojcaj81ee778o7qb foreign key (programming_languagesid) references programming_languages
INSERT INTO INTERVIEW VALUES(1,'No comment','5')
INSERT INTO INTERVIEW VALUES(2,'Comment Plz','3')
INSERT INTO INTERVIEW VALUES(3,'No special comment','4')
INSERT INTO INTERVIEW VALUES(4,'No doubt','1')
COMMIT
INSERT INTO DEVELOPERS VALUES(1,'tech@rigginglifting.com')
INSERT INTO LANGUAGES VALUES(1,'ly')
INSERT INTO LANGUAGES VALUES(2,'ma')
INSERT INTO DEVELOPERS VALUES(2,'aftersale@rigginglifting.com')
INSERT INTO DEVELOPERS VALUES(3,'dbishop103@darlenebishop.com')
INSERT INTO DEVELOPERS VALUES(4,'thaisgp@singnet.com.sg')
INSERT INTO DEVELOPERS VALUES(5,'sharmadeep007@gmail.com')
INSERT INTO LANGUAGES VALUES(3,'pt')
INSERT INTO LANGUAGES VALUES(4,'pw')
INSERT INTO DEVELOPERS VALUES(6,'steve@dlendinggroup.com')
INSERT INTO DEVELOPERS VALUES(7,'webmitress@verysinful.com')
INSERT INTO DEVELOPERS VALUES(8,'info@thefloridadesigngroup.com')
INSERT INTO LANGUAGES VALUES(5,'ps')
INSERT INTO DEVELOPERS VALUES(9,'mtl@mtlgroup.com')
INSERT INTO DEVELOPERS VALUES(10,'careers@thefloridadesigngroup.com')
INSERT INTO DEVELOPERS VALUES(11,'info@sagedesigngroup.com')
INSERT INTO DEVELOPERS VALUES(12,'news@mashable.com')
INSERT INTO LANGUAGES VALUES(6,'sz')
INSERT INTO LANGUAGES VALUES(7,'tc')
INSERT INTO LANGUAGES VALUES(8,'td')
INSERT INTO LANGUAGES VALUES(9,'tf')
INSERT INTO DEVELOPERS VALUES(13,'advertising@mashable.com')
INSERT INTO LANGUAGES VALUES(10,'mh')
INSERT INTO DEVELOPERS VALUES(14,'events@mashable.com')
INSERT INTO LANGUAGES VALUES(11,'yt')
INSERT INTO LANGUAGES VALUES(12,'za')
INSERT INTO LANGUAGES VALUES(13,'zm')
INSERT INTO DEVELOPERS VALUES(15,'bizdev@mashable.com')
INSERT INTO LANGUAGES VALUES(14,'tg')
INSERT INTO LANGUAGES VALUES(15,'th')
INSERT INTO DEVELOPERS VALUES(16,'jobs@mashable.com')
INSERT INTO LANGUAGES VALUES(16,'dz')
INSERT INTO LANGUAGES VALUES(17,'ec')
INSERT INTO DEVELOPERS VALUES(17,'contact@mashable.com')
INSERT INTO LANGUAGES VALUES(18,'lr')
INSERT INTO LANGUAGES VALUES(19,'ls')
INSERT INTO LANGUAGES VALUES(20,'lt')
INSERT INTO DEVELOPERS VALUES(18,'links@management-advantage.com')
INSERT INTO LANGUAGES VALUES(21,'pn')
INSERT INTO LANGUAGES VALUES(22,'pr')
INSERT INTO DEVELOPERS VALUES(19,'scouden@pacbell.net')
INSERT INTO LANGUAGES VALUES(23,'jp')
INSERT INTO LANGUAGES VALUES(24,'ke')
INSERT INTO LANGUAGES VALUES(25,'kg')
INSERT INTO DEVELOPERS VALUES(20,'info@management-advantage.com')
INSERT INTO LANGUAGES VALUES(26,'to')
INSERT INTO LANGUAGES VALUES(27,'tr')
INSERT INTO LANGUAGES VALUES(28,'tt')
INSERT INTO DEVELOPERS VALUES(21,'directory@zeen.com')
INSERT INTO LANGUAGES VALUES(29,'tk')
INSERT INTO LANGUAGES VALUES(30,'tl')
INSERT INTO DEVELOPERS VALUES(22,'design@homeplangroup.com')
INSERT INTO LANGUAGES VALUES(31,'mx')
INSERT INTO LANGUAGES VALUES(32,'my')
INSERT INTO LANGUAGES VALUES(33,'mz')
INSERT INTO LANGUAGES VALUES(34,'na')
INSERT INTO DEVELOPERS VALUES(23,'information@asrec.co.uk')
INSERT INTO DEVELOPERS VALUES(24,'sales@audiobuys.net')
INSERT INTO LANGUAGES VALUES(35,'mn')
INSERT INTO LANGUAGES VALUES(36,'mo')
INSERT INTO LANGUAGES VALUES(37,'mp')
INSERT INTO LANGUAGES VALUES(38,'mq')
INSERT INTO DEVELOPERS VALUES(25,'info@expeditemg.com')
INSERT INTO DEVELOPERS VALUES(26,'legal@sutletgroup.com')
INSERT INTO LANGUAGES VALUES(39,'cl')
INSERT INTO LANGUAGES VALUES(40,'cm')
INSERT INTO LANGUAGES VALUES(41,'cn')
INSERT INTO LANGUAGES VALUES(42,'co')
INSERT INTO DEVELOPERS VALUES(27,'accounting@sutletgroup.com')
INSERT INTO DEVELOPERS VALUES(28,'promotion@sutletgroup.com')
INSERT INTO LANGUAGES VALUES(43,'gr')
INSERT INTO DEVELOPERS VALUES(29,'trading@sutletgroup.com')
INSERT INTO LANGUAGES VALUES(44,'tm')
INSERT INTO DEVELOPERS VALUES(30,'assistance@veteranlove.com')
INSERT INTO DEVELOPERS VALUES(31,'toni@veteranlove.com')
INSERT INTO DEVELOPERS VALUES(32,'charlene@veteranlove.com')
INSERT INTO DEVELOPERS VALUES(33,'craig@veteranlove.com')
INSERT INTO LANGUAGES VALUES(45,'sr')
INSERT INTO LANGUAGES VALUES(46,'ss')
INSERT INTO DEVELOPERS VALUES(34,'jonathan@veteranlove.com')
INSERT INTO DEVELOPERS VALUES(35,'dan@veteranlove.com')
INSERT INTO DEVELOPERS VALUES(36,'mario@veteranlove.com,info@justnorth.com')
INSERT INTO LANGUAGES VALUES(47,'dm')
INSERT INTO DEVELOPERS VALUES(37,'garlandofroses@gmail.com')
INSERT INTO LANGUAGES VALUES(48,'tj')
INSERT INTO DEVELOPERS VALUES(38,'sales@linkbuildingsolution.com')
INSERT INTO LANGUAGES VALUES(49,'tn')
INSERT INTO DEVELOPERS VALUES(39,'superman577373@yahoo.com')
INSERT INTO LANGUAGES VALUES(50,'md')
INSERT INTO DEVELOPERS VALUES(40,'jpfellwock@yahoo.com')
INSERT INTO LANGUAGES VALUES(51,'sm')
INSERT INTO LANGUAGES VALUES(52,'sn')
INSERT INTO DEVELOPERS VALUES(41,'pattimace@sbcglobal.net')
INSERT INTO DEVELOPERS VALUES(42,'sales@websource.co.in')
INSERT INTO DEVELOPERS VALUES(43,'sales@websourceeurope.com,sales@websourcepacific.com')
INSERT INTO DEVELOPERS VALUES(44,'sales@websourceasia.com.sg')
INSERT INTO LANGUAGES VALUES(53,'ye')
INSERT INTO DEVELOPERS VALUES(45,'rohit.z.ghosh@something.com')
INSERT INTO DEVELOPERS VALUES(46,'jack.z.welsh@something.com')
INSERT INTO LANGUAGES VALUES(54,'sc')
INSERT INTO LANGUAGES VALUES(55,'sd')
INSERT INTO LANGUAGES VALUES(56,'se')
INSERT INTO LANGUAGES VALUES(57,'sg')
INSERT INTO DEVELOPERS VALUES(47,'dan.z.gaul@something.com')
INSERT INTO DEVELOPERS VALUES(48,'marc.h.bricman@something.com')
INSERT INTO LANGUAGES VALUES(58,'tv')
INSERT INTO LANGUAGES VALUES(59,'tw')
INSERT INTO LANGUAGES VALUES(60,'tz')
INSERT INTO DEVELOPERS VALUES(49,'sally.m.fields@something.com')
INSERT INTO DEVELOPERS VALUES(50,'fred_g_manning@something.com')
INSERT INTO LANGUAGES VALUES(61,'et')
INSERT INTO LANGUAGES VALUES(62,'fi')
INSERT INTO LANGUAGES VALUES(63,'fj')
INSERT INTO DEVELOPERS VALUES(51,'susan.kayman@something.com')
INSERT INTO LANGUAGES VALUES(64,'pg')
INSERT INTO LANGUAGES VALUES(65,'ph')
INSERT INTO LANGUAGES VALUES(66,'pk')
INSERT INTO DEVELOPERS VALUES(52,'susana.virginis@something.com')
INSERT INTO LANGUAGES VALUES(67,'vu')
INSERT INTO LANGUAGES VALUES(68,'wf')
INSERT INTO LANGUAGES VALUES(69,'ws')
INSERT INTO DEVELOPERS VALUES(53,'gale_t_richards@something.com')
INSERT INTO LANGUAGES VALUES(70,'im')
INSERT INTO DEVELOPERS VALUES(54,'steve0rourke@something.com')
INSERT INTO LANGUAGES VALUES(71,'fm')
INSERT INTO LANGUAGES VALUES(72,'fo')
INSERT INTO DEVELOPERS VALUES(55,'briggs@something.com')
INSERT INTO LANGUAGES VALUES(73,'pe')
INSERT INTO LANGUAGES VALUES(74,'pf')
INSERT INTO DEVELOPERS VALUES(56,'wiley.p.reddington@something.com')
INSERT INTO DEVELOPERS VALUES(57,'amy.n.roy@something.com')
INSERT INTO DEVELOPERS VALUES(58,'ebusinessindya@gmail.com')
INSERT INTO LANGUAGES VALUES(75,'py')
INSERT INTO LANGUAGES VALUES(76,'qa')
INSERT INTO LANGUAGES VALUES(77,'re')
INSERT INTO LANGUAGES VALUES(78,'ro')
INSERT INTO DEVELOPERS VALUES(59,'noreply@trendmicro.com')
INSERT INTO DEVELOPERS VALUES(60,'bizzebee_xp@yahoo.com')
INSERT INTO DEVELOPERS VALUES(61,'net@websource.co.in')
INSERT INTO DEVELOPERS VALUES(62,'sse@websource.co.in')
INSERT INTO LANGUAGES VALUES(79,'pm')
INSERT INTO DEVELOPERS VALUES(63,'swd@websource.co.in')
INSERT INTO LANGUAGES VALUES(80,'us')
INSERT INTO LANGUAGES VALUES(81,'uy')
INSERT INTO DEVELOPERS VALUES(64,'jobs@websource.co.in')
INSERT INTO DEVELOPERS VALUES(65,'info@rupizxpress.com')
INSERT INTO LANGUAGES VALUES(82,'vc')
INSERT INTO DEVELOPERS VALUES(66,'mla@mla-india.com')
INSERT INTO DEVELOPERS VALUES(67,'sales@johnsplace.com')
INSERT INTO DEVELOPERS VALUES(68,'jack69business@gmail.com')
INSERT INTO LANGUAGES VALUES(83,'va')
INSERT INTO LANGUAGES VALUES(84,'ve')
INSERT INTO DEVELOPERS VALUES(69,'alexwong10@hotmail.com')
INSERT INTO LANGUAGES VALUES(85,'sl')
INSERT INTO DEVELOPERS VALUES(70,'annitse@hotmail.com')
INSERT INTO DEVELOPERS VALUES(71,'caleb_calcar@hotmail.com')
INSERT INTO LANGUAGES VALUES(86,'kw')
INSERT INTO LANGUAGES VALUES(87,'ky')
INSERT INTO DEVELOPERS VALUES(72,'bwn_0964@hotmail.com')
INSERT INTO LANGUAGES VALUES(88,'ml')
INSERT INTO LANGUAGES VALUES(89,'mm')
INSERT INTO DEVELOPERS VALUES(73,'brendan_7667@hotmail.com')
INSERT INTO LANGUAGES VALUES(90,'kz')
INSERT INTO LANGUAGES VALUES(91,'la')
INSERT INTO DEVELOPERS VALUES(74,'blurboy5391@hotmail.com')
INSERT INTO DEVELOPERS VALUES(75,'bestfriendsforever_1997@hotmail.com')
INSERT INTO DEVELOPERS VALUES(76,'chatty324@hotmail.com')
INSERT INTO LANGUAGES VALUES(92,'mr')
INSERT INTO DEVELOPERS VALUES(77,'footprint_starpint@hotmail.com')
INSERT INTO LANGUAGES VALUES(93,'mw')
INSERT INTO DEVELOPERS VALUES(78,'fiona_lee_92@hotmail.com')
INSERT INTO LANGUAGES VALUES(94,'rs')
INSERT INTO LANGUAGES VALUES(95,'ru')
INSERT INTO LANGUAGES VALUES(96,'rw')
INSERT INTO DEVELOPERS VALUES(79,'felicia_zhiling@hotmail.com')
INSERT INTO LANGUAGES VALUES(97,'hu')
INSERT INTO DEVELOPERS VALUES(80,'goodbyesucker@msn.com')
INSERT INTO LANGUAGES VALUES(98,'kp')
INSERT INTO LANGUAGES VALUES(99,'kr')
INSERT INTO DEVELOPERS VALUES(81,'gemini_girl_hihi@hotmail.com')
INSERT INTO DEVELOPERS VALUES(82,'i_rawkforeva@hotmail.com')
INSERT INTO LANGUAGES VALUES(100,'ch')
INSERT INTO LANGUAGES VALUES(101,'ci')
INSERT INTO LANGUAGES VALUES(102,'ck')
INSERT INTO DEVELOPERS VALUES(83,'hollywoodstreet_1981@hotmail.com')
INSERT INTO DEVELOPERS VALUES(84,'hiroshima_akawashi@hotmail.com')
INSERT INTO DEVELOPERS VALUES(85,'hidayah_billabong@hotmail.com')
INSERT INTO DEVELOPERS VALUES(86,'leafz19@hotmail.com')
INSERT INTO DEVELOPERS VALUES(87,'kimyan007@hotmail.com')
INSERT INTO DEVELOPERS VALUES(88,'ngbionicle@hotmail.com')
INSERT INTO DEVELOPERS VALUES(89,'masterdon2002@hotmail.com')
INSERT INTO DEVELOPERS VALUES(90,'mad_halo@hotmail.com')
INSERT INTO LANGUAGES VALUES(103,'st')
INSERT INTO LANGUAGES VALUES(104,'sv')
INSERT INTO LANGUAGES VALUES(105,'sx')
INSERT INTO DEVELOPERS VALUES(91,'smileyy_jan@hotmail.com')
INSERT INTO DEVELOPERS VALUES(92,'ridhwan_5@hotmail.com')
INSERT INTO DEVELOPERS VALUES(93,'rainsnow@myself.com')
INSERT INTO DEVELOPERS VALUES(94,'tin_443@hotmail.com')
INSERT INTO LANGUAGES VALUES(106,'mv')
INSERT INTO DEVELOPERS VALUES(95,'thy_93@hotmail.com')
INSERT INTO DEVELOPERS VALUES(96,'teoxm91@hotmail.com')
INSERT INTO DEVELOPERS VALUES(97,'yh_musicunlimited4life@hotmail.com')
INSERT INTO DEVELOPERS VALUES(98,'yrnchan@hotmail.com')
INSERT INTO LANGUAGES VALUES(107,'pl')
INSERT INTO DEVELOPERS VALUES(99,'baoyue_8@hotmail.com')
INSERT INTO DEVELOPERS VALUES(100,'a_afiqah_mj@hotmail.com')
INSERT INTO DEVELOPERS VALUES(101,'sweetichickz@hotmail.com')
INSERT INTO LANGUAGES VALUES(108,'in')
INSERT INTO LANGUAGES VALUES(109,'io')
INSERT INTO DEVELOPERS VALUES(102,'amalina_rawk_76@hotmail.com')
INSERT INTO LANGUAGES VALUES(110,'um')
INSERT INTO DEVELOPERS VALUES(103,'hazyrah@hotmail.com')
INSERT INTO DEVELOPERS VALUES(104,'ifarisha@hotmail.com')
INSERT INTO DEVELOPERS VALUES(105,'kohrongyipamela@hotmail.com')
INSERT INTO DEVELOPERS VALUES(106,'koolkitty_1997@msn.com')
INSERT INTO DEVELOPERS VALUES(107,'lizzie_mcguire_acnes@hotmail.com')
INSERT INTO DEVELOPERS VALUES(108,'maythae@hotmail.com')
INSERT INTO LANGUAGES VALUES(111,'lv')
INSERT INTO DEVELOPERS VALUES(109,'miragomez_95@hotmail.com')
INSERT INTO DEVELOPERS VALUES(110,'roxy_girl79@hotmail.com')
INSERT INTO LANGUAGES VALUES(112,'mk')
INSERT INTO DEVELOPERS VALUES(111,'adahuys95@hotmail.com')
INSERT INTO DEVELOPERS VALUES(112,'andyqa_95@hotmail.com')
INSERT INTO DEVELOPERS VALUES(113,'coolhaz_96@hotmail.com')
INSERT INTO DEVELOPERS VALUES(114,'cybergirl_v1997@hotmail.com')
INSERT INTO LANGUAGES VALUES(113,'hk')
INSERT INTO LANGUAGES VALUES(114,'hm')
INSERT INTO DEVELOPERS VALUES(115,'fortytwo_test5@hotmail.com')
INSERT INTO LANGUAGES VALUES(115,'gq')
INSERT INTO DEVELOPERS VALUES(116,'hairul_blueice21@hotmail.com')
INSERT INTO LANGUAGES VALUES(116,'ua')
INSERT INTO LANGUAGES VALUES(117,'ug')
INSERT INTO DEVELOPERS VALUES(117,'ifarisha@hotmail.com')
INSERT INTO DEVELOPERS VALUES(118,'rani_cuties.fah@hotmail.com')
INSERT INTO LANGUAGES VALUES(118,'by')
INSERT INTO LANGUAGES VALUES(119,'bz')
INSERT INTO DEVELOPERS VALUES(119,'k_rina97@hotmail.com')
INSERT INTO LANGUAGES VALUES(120,'vn')
INSERT INTO DEVELOPERS VALUES(120,'nur_love27@hotmail.com')
INSERT INTO DEVELOPERS VALUES(121,'iduncare_11@hotmail.com')
INSERT INTO DEVELOPERS VALUES(122,'koolkitty_1997@msn.com')
INSERT INTO DEVELOPERS VALUES(123,'maythae@hotmail.com')
INSERT INTO LANGUAGES VALUES(121,'nf')
INSERT INTO LANGUAGES VALUES(122,'ng')
INSERT INTO LANGUAGES VALUES(123,'ni')
INSERT INTO LANGUAGES VALUES(124,'nl')
INSERT INTO DEVELOPERS VALUES(124,'mhb9523@hotmail.com')
INSERT INTO LANGUAGES VALUES(125,'so')
INSERT INTO DEVELOPERS VALUES(125,'miza626@hotmail.com')
INSERT INTO DEVELOPERS VALUES(126,'mysteryguy_unknown007@hotmail.com')
INSERT INTO LANGUAGES VALUES(126,'gu')
INSERT INTO LANGUAGES VALUES(127,'gw')
INSERT INTO DEVELOPERS VALUES(127,'nicole_wpw@hotmail.com')
INSERT INTO DEVELOPERS VALUES(128,'kohrongyipamela@hotmail.com')
INSERT INTO DEVELOPERS VALUES(129,'a_afiqah_mj@hotmail.com')
INSERT INTO LANGUAGES VALUES(128,'sh')
INSERT INTO LANGUAGES VALUES(129,'si')
INSERT INTO LANGUAGES VALUES(130,'sj')
INSERT INTO DEVELOPERS VALUES(130,'afiq_crazy@hotmail.com')
INSERT INTO DEVELOPERS VALUES(131,'amalina_rawk_76@hotmail.com')
INSERT INTO LANGUAGES VALUES(131,'vg')
INSERT INTO LANGUAGES VALUES(132,'vi')
INSERT INTO DEVELOPERS VALUES(132,'andyqa_95@hotmail.com')
INSERT INTO DEVELOPERS VALUES(133,'un_atren@hotmail.com')
INSERT INTO LANGUAGES VALUES(133,'do')
INSERT INTO DEVELOPERS VALUES(134,'bmbpgirl@hotmail.com')
INSERT INTO DEVELOPERS VALUES(135,'boi_boi95@hotmail.com')
INSERT INTO DEVELOPERS VALUES(136,'danial_liverpool@hotmail.com')
INSERT INTO LANGUAGES VALUES(134,'bb')
INSERT INTO LANGUAGES VALUES(135,'bd')
INSERT INTO LANGUAGES VALUES(136,'be')
INSERT INTO LANGUAGES VALUES(137,'bf')
INSERT INTO DEVELOPERS VALUES(137,'danish_syafiq@hotmail.com')
INSERT INTO DEVELOPERS VALUES(138,'earth_girl_rule@hotmail.com')
INSERT INTO LANGUAGES VALUES(138,'nr')
INSERT INTO LANGUAGES VALUES(139,'nu')
INSERT INTO LANGUAGES VALUES(140,'nz')
INSERT INTO DEVELOPERS VALUES(139,'elitefighter_10@hotmail.com')
INSERT INTO DEVELOPERS VALUES(140,'hamster_gurl95@hotmail.com')
INSERT INTO DEVELOPERS VALUES(141,'hard_tu_understand@hotmail.com')
INSERT INTO DEVELOPERS VALUES(142,'myrah_diamond17@hotmail.com')
INSERT INTO DEVELOPERS VALUES(143,'kacheek_95@hotmail.com')
INSERT INTO DEVELOPERS VALUES(144,'white_butterflywings@hotmail.com')
INSERT INTO LANGUAGES VALUES(141,'nc')
INSERT INTO DEVELOPERS VALUES(145,'realitygerl22@hotmail.com')
INSERT INTO DEVELOPERS VALUES(146,'relitygirl@hotmail.com')
INSERT INTO LANGUAGES VALUES(142,'gg')
INSERT INTO LANGUAGES VALUES(143,'gh')
INSERT INTO LANGUAGES VALUES(144,'gi')
INSERT INTO LANGUAGES VALUES(145,'gl')
INSERT INTO DEVELOPERS VALUES(147,'serene041094@hotmail.com')
INSERT INTO DEVELOPERS VALUES(148,'siti_sharmila08@hotmail.com')
INSERT INTO DEVELOPERS VALUES(149,'xiiaobabyyboii@hotmail.com')
INSERT INTO DEVELOPERS VALUES(150,'xiiaonana-@hotmail.com')
INSERT INTO DEVELOPERS VALUES(151,'singapore_7@hotmail.com')
INSERT INTO DEVELOPERS VALUES(152,'korea_rox_johnnybravo@hotmail.com')
INSERT INTO LANGUAGES VALUES(146,'iq')
INSERT INTO LANGUAGES VALUES(147,'ir')
INSERT INTO LANGUAGES VALUES(148,'is')
INSERT INTO DEVELOPERS VALUES(153,'staryyskyy_craziieboutyuu@hotmail.com')
INSERT INTO DEVELOPERS VALUES(154,'music_rocks_life@hotmail.com')
INSERT INTO DEVELOPERS VALUES(155,'littlekitty1995@hotmail.com')
INSERT INTO LANGUAGES VALUES(149,'cg')
INSERT INTO DEVELOPERS VALUES(156,'liliumangel@hotmail.com')
INSERT INTO DEVELOPERS VALUES(157,'baby-felicia@hotmail.com')
INSERT INTO DEVELOPERS VALUES(158,'luck_angel579@hotmail.com')
INSERT INTO DEVELOPERS VALUES(159,'andrea_starlight@hotmail.com')
INSERT INTO DEVELOPERS VALUES(160,'joeywengshuyi@hotmail.com')
INSERT INTO DEVELOPERS_LANGUAGES VALUES(1,1)
INSERT INTO DEVELOPERS_LANGUAGES VALUES(1,2)
INSERT INTO DEVELOPERS_LANGUAGES VALUES(5,3)
INSERT INTO DEVELOPERS_LANGUAGES VALUES(5,4)
INSERT INTO DEVELOPERS_LANGUAGES VALUES(8,5)
INSERT INTO DEVELOPERS_LANGUAGES VALUES(12,6)
INSERT INTO DEVELOPERS_LANGUAGES VALUES(12,7)
INSERT INTO DEVELOPERS_LANGUAGES VALUES(12,8)
INSERT INTO DEVELOPERS_LANGUAGES VALUES(12,9)
INSERT INTO DEVELOPERS_LANGUAGES VALUES(13,10)
INSERT INTO DEVELOPERS_LANGUAGES VALUES(14,11)
INSERT INTO DEVELOPERS_LANGUAGES VALUES(14,12)
INSERT INTO DEVELOPERS_LANGUAGES VALUES(14,13)
INSERT INTO DEVELOPERS_LANGUAGES VALUES(15,9)
INSERT INTO DEVELOPERS_LANGUAGES VALUES(15,14)
INSERT INTO DEVELOPERS_LANGUAGES VALUES(15,15)
INSERT INTO DEVELOPERS_LANGUAGES VALUES(16,16)
INSERT INTO DEVELOPERS_LANGUAGES VALUES(16,17)
INSERT INTO DEVELOPERS_LANGUAGES VALUES(17,18)
INSERT INTO DEVELOPERS_LANGUAGES VALUES(17,19)
INSERT INTO DEVELOPERS_LANGUAGES VALUES(17,20)
INSERT INTO DEVELOPERS_LANGUAGES VALUES(18,21)
INSERT INTO DEVELOPERS_LANGUAGES VALUES(18,22)
INSERT INTO DEVELOPERS_LANGUAGES VALUES(18,5)
INSERT INTO DEVELOPERS_LANGUAGES VALUES(18,3)
INSERT INTO DEVELOPERS_LANGUAGES VALUES(19,23)
INSERT INTO DEVELOPERS_LANGUAGES VALUES(19,24)
INSERT INTO DEVELOPERS_LANGUAGES VALUES(19,25)
INSERT INTO DEVELOPERS_LANGUAGES VALUES(20,26)
INSERT INTO DEVELOPERS_LANGUAGES VALUES(20,27)
INSERT INTO DEVELOPERS_LANGUAGES VALUES(20,28)
INSERT INTO DEVELOPERS_LANGUAGES VALUES(21,29)
INSERT INTO DEVELOPERS_LANGUAGES VALUES(21,30)
INSERT INTO DEVELOPERS_LANGUAGES VALUES(22,31)
INSERT INTO DEVELOPERS_LANGUAGES VALUES(22,32)
INSERT INTO DEVELOPERS_LANGUAGES VALUES(22,33)
INSERT INTO DEVELOPERS_LANGUAGES VALUES(22,34)
INSERT INTO DEVELOPERS_LANGUAGES VALUES(24,35)
INSERT INTO DEVELOPERS_LANGUAGES VALUES(24,36)
INSERT INTO DEVELOPERS_LANGUAGES VALUES(24,37)
INSERT INTO DEVELOPERS_LANGUAGES VALUES(24,38)
INSERT INTO DEVELOPERS_LANGUAGES VALUES(26,39)
INSERT INTO DEVELOPERS_LANGUAGES VALUES(26,40)
INSERT INTO DEVELOPERS_LANGUAGES VALUES(26,41)
INSERT INTO DEVELOPERS_LANGUAGES VALUES(26,42)
INSERT INTO DEVELOPERS_LANGUAGES VALUES(27,35)
INSERT INTO DEVELOPERS_LANGUAGES VALUES(28,43)
INSERT INTO DEVELOPERS_LANGUAGES VALUES(29,29)
INSERT INTO DEVELOPERS_LANGUAGES VALUES(29,30)
INSERT INTO DEVELOPERS_LANGUAGES VALUES(29,44)
INSERT INTO DEVELOPERS_LANGUAGES VALUES(33,45)
INSERT INTO DEVELOPERS_LANGUAGES VALUES(33,46)
INSERT INTO DEVELOPERS_LANGUAGES VALUES(34,37)
INSERT INTO DEVELOPERS_LANGUAGES VALUES(35,8)
INSERT INTO DEVELOPERS_LANGUAGES VALUES(35,9)
INSERT INTO DEVELOPERS_LANGUAGES VALUES(35,14)
INSERT INTO DEVELOPERS_LANGUAGES VALUES(36,47)
INSERT INTO DEVELOPERS_LANGUAGES VALUES(37,15)
INSERT INTO DEVELOPERS_LANGUAGES VALUES(37,48)
INSERT INTO DEVELOPERS_LANGUAGES VALUES(37,29)
INSERT INTO DEVELOPERS_LANGUAGES VALUES(37,30)
INSERT INTO DEVELOPERS_LANGUAGES VALUES(38,49)
INSERT INTO DEVELOPERS_LANGUAGES VALUES(38,26)
INSERT INTO DEVELOPERS_LANGUAGES VALUES(38,27)
INSERT INTO DEVELOPERS_LANGUAGES VALUES(38,28)
INSERT INTO DEVELOPERS_LANGUAGES VALUES(39,50)
INSERT INTO DEVELOPERS_LANGUAGES VALUES(40,51)
INSERT INTO DEVELOPERS_LANGUAGES VALUES(40,52)
INSERT INTO DEVELOPERS_LANGUAGES VALUES(41,22)
INSERT INTO DEVELOPERS_LANGUAGES VALUES(41,5)
INSERT INTO DEVELOPERS_LANGUAGES VALUES(44,53)
INSERT INTO DEVELOPERS_LANGUAGES VALUES(44,11)
INSERT INTO DEVELOPERS_LANGUAGES VALUES(46,54)
INSERT INTO DEVELOPERS_LANGUAGES VALUES(46,55)
INSERT INTO DEVELOPERS_LANGUAGES VALUES(46,56)
INSERT INTO DEVELOPERS_LANGUAGES VALUES(46,57)
INSERT INTO DEVELOPERS_LANGUAGES VALUES(48,58)
INSERT INTO DEVELOPERS_LANGUAGES VALUES(48,59)
INSERT INTO DEVELOPERS_LANGUAGES VALUES(48,60)
INSERT INTO DEVELOPERS_LANGUAGES VALUES(49,29)
INSERT INTO DEVELOPERS_LANGUAGES VALUES(50,61)
INSERT INTO DEVELOPERS_LANGUAGES VALUES(50,62)
INSERT INTO DEVELOPERS_LANGUAGES VALUES(50,63)
INSERT INTO DEVELOPERS_LANGUAGES VALUES(51,64)
INSERT INTO DEVELOPERS_LANGUAGES VALUES(51,65)
INSERT INTO DEVELOPERS_LANGUAGES VALUES(51,66)
INSERT INTO DEVELOPERS_LANGUAGES VALUES(52,67)
INSERT INTO DEVELOPERS_LANGUAGES VALUES(52,68)
INSERT INTO DEVELOPERS_LANGUAGES VALUES(52,69)
INSERT INTO DEVELOPERS_LANGUAGES VALUES(52,53)
INSERT INTO DEVELOPERS_LANGUAGES VALUES(53,70)
INSERT INTO DEVELOPERS_LANGUAGES VALUES(54,71)
INSERT INTO DEVELOPERS_LANGUAGES VALUES(54,72)
INSERT INTO DEVELOPERS_LANGUAGES VALUES(55,73)
INSERT INTO DEVELOPERS_LANGUAGES VALUES(55,74)
INSERT INTO DEVELOPERS_LANGUAGES VALUES(55,64)
INSERT INTO DEVELOPERS_LANGUAGES VALUES(56,53)
INSERT INTO DEVELOPERS_LANGUAGES VALUES(56,11)
INSERT INTO DEVELOPERS_LANGUAGES VALUES(56,12)
INSERT INTO DEVELOPERS_LANGUAGES VALUES(58,75)
INSERT INTO DEVELOPERS_LANGUAGES VALUES(58,76)
INSERT INTO DEVELOPERS_LANGUAGES VALUES(58,77)
INSERT INTO DEVELOPERS_LANGUAGES VALUES(58,78)
INSERT INTO DEVELOPERS_LANGUAGES VALUES(59,67)
INSERT INTO DEVELOPERS_LANGUAGES VALUES(59,68)
INSERT INTO DEVELOPERS_LANGUAGES VALUES(59,69)
INSERT INTO DEVELOPERS_LANGUAGES VALUES(59,53)
INSERT INTO DEVELOPERS_LANGUAGES VALUES(60,35)
INSERT INTO DEVELOPERS_LANGUAGES VALUES(60,36)
INSERT INTO DEVELOPERS_LANGUAGES VALUES(62,79)
INSERT INTO DEVELOPERS_LANGUAGES VALUES(62,21)
INSERT INTO DEVELOPERS_LANGUAGES VALUES(62,22)
INSERT INTO DEVELOPERS_LANGUAGES VALUES(63,80)
INSERT INTO DEVELOPERS_LANGUAGES VALUES(63,81)
INSERT INTO DEVELOPERS_LANGUAGES VALUES(65,82)
INSERT INTO DEVELOPERS_LANGUAGES VALUES(66,14)
INSERT INTO DEVELOPERS_LANGUAGES VALUES(66,15)
INSERT INTO DEVELOPERS_LANGUAGES VALUES(68,83)
INSERT INTO DEVELOPERS_LANGUAGES VALUES(68,82)
INSERT INTO DEVELOPERS_LANGUAGES VALUES(68,84)
INSERT INTO DEVELOPERS_LANGUAGES VALUES(69,85)
INSERT INTO DEVELOPERS_LANGUAGES VALUES(71,86)
INSERT INTO DEVELOPERS_LANGUAGES VALUES(71,87)
INSERT INTO DEVELOPERS_LANGUAGES VALUES(72,88)
INSERT INTO DEVELOPERS_LANGUAGES VALUES(72,89)
INSERT INTO DEVELOPERS_LANGUAGES VALUES(72,35)
INSERT INTO DEVELOPERS_LANGUAGES VALUES(73,87)
INSERT INTO DEVELOPERS_LANGUAGES VALUES(73,90)
INSERT INTO DEVELOPERS_LANGUAGES VALUES(73,91)
INSERT INTO DEVELOPERS_LANGUAGES VALUES(75,53)
INSERT INTO DEVELOPERS_LANGUAGES VALUES(75,11)
INSERT INTO DEVELOPERS_LANGUAGES VALUES(75,12)
INSERT INTO DEVELOPERS_LANGUAGES VALUES(76,92)
INSERT INTO DEVELOPERS_LANGUAGES VALUES(77,93)
INSERT INTO DEVELOPERS_LANGUAGES VALUES(77,31)
INSERT INTO DEVELOPERS_LANGUAGES VALUES(78,94)
INSERT INTO DEVELOPERS_LANGUAGES VALUES(78,95)
INSERT INTO DEVELOPERS_LANGUAGES VALUES(78,96)
INSERT INTO DEVELOPERS_LANGUAGES VALUES(79,97)
INSERT INTO DEVELOPERS_LANGUAGES VALUES(80,98)
INSERT INTO DEVELOPERS_LANGUAGES VALUES(80,99)
INSERT INTO DEVELOPERS_LANGUAGES VALUES(82,100)
INSERT INTO DEVELOPERS_LANGUAGES VALUES(82,101)
INSERT INTO DEVELOPERS_LANGUAGES VALUES(82,102)
INSERT INTO DEVELOPERS_LANGUAGES VALUES(83,75)
INSERT INTO DEVELOPERS_LANGUAGES VALUES(83,76)
INSERT INTO DEVELOPERS_LANGUAGES VALUES(83,77)
INSERT INTO DEVELOPERS_LANGUAGES VALUES(83,78)
INSERT INTO DEVELOPERS_LANGUAGES VALUES(86,20)
INSERT INTO DEVELOPERS_LANGUAGES VALUES(87,78)
INSERT INTO DEVELOPERS_LANGUAGES VALUES(87,94)
INSERT INTO DEVELOPERS_LANGUAGES VALUES(87,95)
INSERT INTO DEVELOPERS_LANGUAGES VALUES(87,96)
INSERT INTO DEVELOPERS_LANGUAGES VALUES(89,49)
INSERT INTO DEVELOPERS_LANGUAGES VALUES(89,26)
INSERT INTO DEVELOPERS_LANGUAGES VALUES(89,27)
INSERT INTO DEVELOPERS_LANGUAGES VALUES(90,103)
INSERT INTO DEVELOPERS_LANGUAGES VALUES(90,104)
INSERT INTO DEVELOPERS_LANGUAGES VALUES(90,105)
INSERT INTO DEVELOPERS_LANGUAGES VALUES(91,1)
INSERT INTO DEVELOPERS_LANGUAGES VALUES(92,77)
INSERT INTO DEVELOPERS_LANGUAGES VALUES(92,78)
INSERT INTO DEVELOPERS_LANGUAGES VALUES(92,94)
INSERT INTO DEVELOPERS_LANGUAGES VALUES(92,95)
INSERT INTO DEVELOPERS_LANGUAGES VALUES(93,4)
INSERT INTO DEVELOPERS_LANGUAGES VALUES(93,75)
INSERT INTO DEVELOPERS_LANGUAGES VALUES(93,76)
INSERT INTO DEVELOPERS_LANGUAGES VALUES(94,106)
INSERT INTO DEVELOPERS_LANGUAGES VALUES(94,93)
INSERT INTO DEVELOPERS_LANGUAGES VALUES(96,38)
INSERT INTO DEVELOPERS_LANGUAGES VALUES(97,46)
INSERT INTO DEVELOPERS_LANGUAGES VALUES(98,107)
INSERT INTO DEVELOPERS_LANGUAGES VALUES(98,79)
INSERT INTO DEVELOPERS_LANGUAGES VALUES(98,21)
INSERT INTO DEVELOPERS_LANGUAGES VALUES(98,22)
INSERT INTO DEVELOPERS_LANGUAGES VALUES(99,11)
INSERT INTO DEVELOPERS_LANGUAGES VALUES(99,12)
INSERT INTO DEVELOPERS_LANGUAGES VALUES(99,13)
INSERT INTO DEVELOPERS_LANGUAGES VALUES(101,70)
INSERT INTO DEVELOPERS_LANGUAGES VALUES(101,108)
INSERT INTO DEVELOPERS_LANGUAGES VALUES(101,109)
INSERT INTO DEVELOPERS_LANGUAGES VALUES(102,110)
INSERT INTO DEVELOPERS_LANGUAGES VALUES(102,80)
INSERT INTO DEVELOPERS_LANGUAGES VALUES(104,31)
INSERT INTO DEVELOPERS_LANGUAGES VALUES(104,32)
INSERT INTO DEVELOPERS_LANGUAGES VALUES(107,107)
INSERT INTO DEVELOPERS_LANGUAGES VALUES(108,111)
INSERT INTO DEVELOPERS_LANGUAGES VALUES(110,10)
INSERT INTO DEVELOPERS_LANGUAGES VALUES(110,112)
INSERT INTO DEVELOPERS_LANGUAGES VALUES(111,14)
INSERT INTO DEVELOPERS_LANGUAGES VALUES(112,93)
INSERT INTO DEVELOPERS_LANGUAGES VALUES(112,31)
INSERT INTO DEVELOPERS_LANGUAGES VALUES(113,85)
INSERT INTO DEVELOPERS_LANGUAGES VALUES(113,51)
INSERT INTO DEVELOPERS_LANGUAGES VALUES(114,113)
INSERT INTO DEVELOPERS_LANGUAGES VALUES(114,114)
INSERT INTO DEVELOPERS_LANGUAGES VALUES(115,115)
INSERT INTO DEVELOPERS_LANGUAGES VALUES(115,43)
INSERT INTO DEVELOPERS_LANGUAGES VALUES(116,116)
INSERT INTO DEVELOPERS_LANGUAGES VALUES(116,117)
INSERT INTO DEVELOPERS_LANGUAGES VALUES(116,110)
INSERT INTO DEVELOPERS_LANGUAGES VALUES(118,118)
INSERT INTO DEVELOPERS_LANGUAGES VALUES(118,119)
INSERT INTO DEVELOPERS_LANGUAGES VALUES(119,120)
INSERT INTO DEVELOPERS_LANGUAGES VALUES(119,67)
INSERT INTO DEVELOPERS_LANGUAGES VALUES(119,68)
INSERT INTO DEVELOPERS_LANGUAGES VALUES(120,53)
INSERT INTO DEVELOPERS_LANGUAGES VALUES(120,11)
INSERT INTO DEVELOPERS_LANGUAGES VALUES(120,12)
INSERT INTO DEVELOPERS_LANGUAGES VALUES(120,13)
INSERT INTO DEVELOPERS_LANGUAGES VALUES(121,15)
INSERT INTO DEVELOPERS_LANGUAGES VALUES(122,70)
INSERT INTO DEVELOPERS_LANGUAGES VALUES(122,108)
INSERT INTO DEVELOPERS_LANGUAGES VALUES(123,121)
INSERT INTO DEVELOPERS_LANGUAGES VALUES(123,122)
INSERT INTO DEVELOPERS_LANGUAGES VALUES(123,123)
INSERT INTO DEVELOPERS_LANGUAGES VALUES(123,124)
INSERT INTO DEVELOPERS_LANGUAGES VALUES(124,52)
INSERT INTO DEVELOPERS_LANGUAGES VALUES(124,125)
INSERT INTO DEVELOPERS_LANGUAGES VALUES(125,28)
INSERT INTO DEVELOPERS_LANGUAGES VALUES(125,58)
INSERT INTO DEVELOPERS_LANGUAGES VALUES(125,59)
INSERT INTO DEVELOPERS_LANGUAGES VALUES(126,126)
INSERT INTO DEVELOPERS_LANGUAGES VALUES(126,127)
INSERT INTO DEVELOPERS_LANGUAGES VALUES(127,120)
INSERT INTO DEVELOPERS_LANGUAGES VALUES(127,67)
INSERT INTO DEVELOPERS_LANGUAGES VALUES(127,68)
INSERT INTO DEVELOPERS_LANGUAGES VALUES(128,54)
INSERT INTO DEVELOPERS_LANGUAGES VALUES(128,55)
INSERT INTO DEVELOPERS_LANGUAGES VALUES(128,56)
INSERT INTO DEVELOPERS_LANGUAGES VALUES(129,57)
INSERT INTO DEVELOPERS_LANGUAGES VALUES(129,128)
INSERT INTO DEVELOPERS_LANGUAGES VALUES(129,129)
INSERT INTO DEVELOPERS_LANGUAGES VALUES(129,130)
INSERT INTO DEVELOPERS_LANGUAGES VALUES(131,131)
INSERT INTO DEVELOPERS_LANGUAGES VALUES(131,132)
INSERT INTO DEVELOPERS_LANGUAGES VALUES(131,120)
INSERT INTO DEVELOPERS_LANGUAGES VALUES(131,67)
INSERT INTO DEVELOPERS_LANGUAGES VALUES(132,36)
INSERT INTO DEVELOPERS_LANGUAGES VALUES(133,133)
INSERT INTO DEVELOPERS_LANGUAGES VALUES(133,16)
INSERT INTO DEVELOPERS_LANGUAGES VALUES(133,17)
INSERT INTO DEVELOPERS_LANGUAGES VALUES(134,116)
INSERT INTO DEVELOPERS_LANGUAGES VALUES(135,120)
INSERT INTO DEVELOPERS_LANGUAGES VALUES(136,134)
INSERT INTO DEVELOPERS_LANGUAGES VALUES(136,135)
INSERT INTO DEVELOPERS_LANGUAGES VALUES(136,136)
INSERT INTO DEVELOPERS_LANGUAGES VALUES(136,137)
INSERT INTO DEVELOPERS_LANGUAGES VALUES(138,138)
INSERT INTO DEVELOPERS_LANGUAGES VALUES(138,139)
INSERT INTO DEVELOPERS_LANGUAGES VALUES(138,140)
INSERT INTO DEVELOPERS_LANGUAGES VALUES(139,59)
INSERT INTO DEVELOPERS_LANGUAGES VALUES(140,16)
INSERT INTO DEVELOPERS_LANGUAGES VALUES(141,115)
INSERT INTO DEVELOPERS_LANGUAGES VALUES(141,43)
INSERT INTO DEVELOPERS_LANGUAGES VALUES(142,127)
INSERT INTO DEVELOPERS_LANGUAGES VALUES(143,131)
INSERT INTO DEVELOPERS_LANGUAGES VALUES(143,132)
INSERT INTO DEVELOPERS_LANGUAGES VALUES(144,141)
INSERT INTO DEVELOPERS_LANGUAGES VALUES(145,128)
INSERT INTO DEVELOPERS_LANGUAGES VALUES(145,129)
INSERT INTO DEVELOPERS_LANGUAGES VALUES(145,130)
INSERT INTO DEVELOPERS_LANGUAGES VALUES(146,142)
INSERT INTO DEVELOPERS_LANGUAGES VALUES(146,143)
INSERT INTO DEVELOPERS_LANGUAGES VALUES(146,144)
INSERT INTO DEVELOPERS_LANGUAGES VALUES(146,145)
INSERT INTO DEVELOPERS_LANGUAGES VALUES(147,84)
INSERT INTO DEVELOPERS_LANGUAGES VALUES(147,131)
INSERT INTO DEVELOPERS_LANGUAGES VALUES(147,132)
INSERT INTO DEVELOPERS_LANGUAGES VALUES(147,120)
INSERT INTO DEVELOPERS_LANGUAGES VALUES(150,30)
INSERT INTO DEVELOPERS_LANGUAGES VALUES(151,80)
INSERT INTO DEVELOPERS_LANGUAGES VALUES(151,81)
INSERT INTO DEVELOPERS_LANGUAGES VALUES(152,146)
INSERT INTO DEVELOPERS_LANGUAGES VALUES(152,147)
INSERT INTO DEVELOPERS_LANGUAGES VALUES(152,148)
INSERT INTO DEVELOPERS_LANGUAGES VALUES(153,97)
INSERT INTO DEVELOPERS_LANGUAGES VALUES(154,43)
INSERT INTO DEVELOPERS_LANGUAGES VALUES(155,149)
INSERT INTO DEVELOPERS_LANGUAGES VALUES(155,100)
INSERT INTO DEVELOPERS_LANGUAGES VALUES(155,101)
INSERT INTO DEVELOPERS_LANGUAGES VALUES(156,36)
INSERT INTO DEVELOPERS_LANGUAGES VALUES(156,37)
INSERT INTO DEVELOPERS_LANGUAGES VALUES(156,38)
INSERT INTO DEVELOPERS_LANGUAGES VALUES(156,92)
INSERT INTO DEVELOPERS_LANGUAGES VALUES(157,74)
INSERT INTO DEVELOPERS_LANGUAGES VALUES(157,64)
INSERT INTO DEVELOPERS_LANGUAGES VALUES(157,65)
INSERT INTO DEVELOPERS_LANGUAGES VALUES(157,66)
INSERT INTO DEVELOPERS_LANGUAGES VALUES(158,21)
INSERT INTO DEVELOPERS_LANGUAGES VALUES(159,76)
INSERT INTO DEVELOPERS_LANGUAGES VALUES(159,77)
INSERT INTO DEVELOPERS_LANGUAGES VALUES(160,78)
ALTER SEQUENCE PUBLIC.HIBERNATE_SEQUENCE RESTART WITH 161
COMMIT
INSERT INTO PROGRAMMING_LANGUAGES VALUES(161,'ajax')
INSERT INTO PROGRAMMING_LANGUAGES VALUES(162,'CSS')
INSERT INTO PROGRAMMING_LANGUAGES VALUES(163,'ATS')
INSERT INTO PROGRAMMING_LANGUAGES VALUES(164,'JAVA')
INSERT INTO PROGRAMMING_LANGUAGES VALUES(165,'C')
INSERT INTO PROGRAMMING_LANGUAGES VALUES(166,'C++')
INSERT INTO PROGRAMMING_LANGUAGES VALUES(167,'ruby')
INSERT INTO PROGRAMMING_LANGUAGES VALUES(168,'Javascript')
INSERT INTO PROGRAMMING_LANGUAGES VALUES(169,'JS')
INSERT INTO PROGRAMMING_LANGUAGES VALUES(170,'C#')
INSERT INTO PROGRAMMING_LANGUAGES VALUES(171,'chomski')
INSERT INTO PROGRAMMING_LANGUAGES VALUES(172,'ObjectLOGO')
INSERT INTO PROGRAMMING_LANGUAGES VALUES(173,'AutoHotkey')
INSERT INTO PROGRAMMING_LANGUAGES VALUES(174,'Object Pascal')
INSERT INTO PROGRAMMING_LANGUAGES VALUES(175,'Babbage')
INSERT INTO PROGRAMMING_LANGUAGES VALUES(176,'Objective-J')
INSERT INTO PROGRAMMING_LANGUAGES VALUES(177,'PHP')
INSERT INTO PROGRAMMING_LANGUAGES VALUES(178,'AngelScript')
INSERT INTO PROGRAMMING_LANGUAGES VALUES(179,'occam')
INSERT INTO PROGRAMMING_LANGUAGES VALUES(180,'Transcript')
INSERT INTO PROGRAMMING_LANGUAGES VALUES(181,'TTCN')
INSERT INTO PROGRAMMING_LANGUAGES VALUES(182,'Turing')
INSERT INTO PROGRAMMING_LANGUAGES VALUES(183,'TUTOR')
INSERT INTO PROGRAMMING_LANGUAGES VALUES(184,'TXL')
INSERT INTO PROGRAMMING_LANGUAGES_DEVELOPERS VALUES(162,46)
INSERT INTO PROGRAMMING_LANGUAGES_DEVELOPERS VALUES(162,47)
INSERT INTO PROGRAMMING_LANGUAGES_DEVELOPERS VALUES(162,48)
INSERT INTO PROGRAMMING_LANGUAGES_DEVELOPERS VALUES(162,49)
INSERT INTO PROGRAMMING_LANGUAGES_DEVELOPERS VALUES(162,50)
INSERT INTO PROGRAMMING_LANGUAGES_DEVELOPERS VALUES(162,51)
INSERT INTO PROGRAMMING_LANGUAGES_DEVELOPERS VALUES(162,52)
INSERT INTO PROGRAMMING_LANGUAGES_DEVELOPERS VALUES(162,53)
INSERT INTO PROGRAMMING_LANGUAGES_DEVELOPERS VALUES(162,54)
INSERT INTO PROGRAMMING_LANGUAGES_DEVELOPERS VALUES(162,55)
INSERT INTO PROGRAMMING_LANGUAGES_DEVELOPERS VALUES(162,56)
INSERT INTO PROGRAMMING_LANGUAGES_DEVELOPERS VALUES(162,57)
INSERT INTO PROGRAMMING_LANGUAGES_DEVELOPERS VALUES(162,58)
INSERT INTO PROGRAMMING_LANGUAGES_DEVELOPERS VALUES(162,59)
INSERT INTO PROGRAMMING_LANGUAGES_DEVELOPERS VALUES(162,60)
INSERT INTO PROGRAMMING_LANGUAGES_DEVELOPERS VALUES(162,61)
INSERT INTO PROGRAMMING_LANGUAGES_DEVELOPERS VALUES(162,62)
INSERT INTO PROGRAMMING_LANGUAGES_DEVELOPERS VALUES(162,63)
INSERT INTO PROGRAMMING_LANGUAGES_DEVELOPERS VALUES(162,64)
INSERT INTO PROGRAMMING_LANGUAGES_DEVELOPERS VALUES(162,65)
INSERT INTO PROGRAMMING_LANGUAGES_DEVELOPERS VALUES(162,66)
INSERT INTO PROGRAMMING_LANGUAGES_DEVELOPERS VALUES(162,67)
INSERT INTO PROGRAMMING_LANGUAGES_DEVELOPERS VALUES(162,68)
INSERT INTO PROGRAMMING_LANGUAGES_DEVELOPERS VALUES(162,69)
INSERT INTO PROGRAMMING_LANGUAGES_DEVELOPERS VALUES(162,70)
INSERT INTO PROGRAMMING_LANGUAGES_DEVELOPERS VALUES(162,71)
INSERT INTO PROGRAMMING_LANGUAGES_DEVELOPERS VALUES(162,72)
INSERT INTO PROGRAMMING_LANGUAGES_DEVELOPERS VALUES(162,73)
INSERT INTO PROGRAMMING_LANGUAGES_DEVELOPERS VALUES(162,74)
INSERT INTO PROGRAMMING_LANGUAGES_DEVELOPERS VALUES(162,75)
INSERT INTO PROGRAMMING_LANGUAGES_DEVELOPERS VALUES(162,76)
INSERT INTO PROGRAMMING_LANGUAGES_DEVELOPERS VALUES(162,77)
INSERT INTO PROGRAMMING_LANGUAGES_DEVELOPERS VALUES(162,78)
INSERT INTO PROGRAMMING_LANGUAGES_DEVELOPERS VALUES(162,79)
INSERT INTO PROGRAMMING_LANGUAGES_DEVELOPERS VALUES(162,80)
INSERT INTO PROGRAMMING_LANGUAGES_DEVELOPERS VALUES(162,81)
INSERT INTO PROGRAMMING_LANGUAGES_DEVELOPERS VALUES(162,82)
INSERT INTO PROGRAMMING_LANGUAGES_DEVELOPERS VALUES(162,83)
INSERT INTO PROGRAMMING_LANGUAGES_DEVELOPERS VALUES(162,84)
INSERT INTO PROGRAMMING_LANGUAGES_DEVELOPERS VALUES(162,85)
INSERT INTO PROGRAMMING_LANGUAGES_DEVELOPERS VALUES(162,86)
INSERT INTO PROGRAMMING_LANGUAGES_DEVELOPERS VALUES(162,87)
INSERT INTO PROGRAMMING_LANGUAGES_DEVELOPERS VALUES(162,88)
INSERT INTO PROGRAMMING_LANGUAGES_DEVELOPERS VALUES(162,89)
INSERT INTO PROGRAMMING_LANGUAGES_DEVELOPERS VALUES(162,90)
INSERT INTO PROGRAMMING_LANGUAGES_DEVELOPERS VALUES(162,91)
INSERT INTO PROGRAMMING_LANGUAGES_DEVELOPERS VALUES(162,92)
INSERT INTO PROGRAMMING_LANGUAGES_DEVELOPERS VALUES(162,93)
INSERT INTO PROGRAMMING_LANGUAGES_DEVELOPERS VALUES(162,94)
INSERT INTO PROGRAMMING_LANGUAGES_DEVELOPERS VALUES(162,95)
INSERT INTO PROGRAMMING_LANGUAGES_DEVELOPERS VALUES(162,96)
INSERT INTO PROGRAMMING_LANGUAGES_DEVELOPERS VALUES(162,97)
INSERT INTO PROGRAMMING_LANGUAGES_DEVELOPERS VALUES(162,98)
INSERT INTO PROGRAMMING_LANGUAGES_DEVELOPERS VALUES(162,99)
INSERT INTO PROGRAMMING_LANGUAGES_DEVELOPERS VALUES(162,100)
INSERT INTO PROGRAMMING_LANGUAGES_DEVELOPERS VALUES(162,101)
INSERT INTO PROGRAMMING_LANGUAGES_DEVELOPERS VALUES(162,102)
INSERT INTO PROGRAMMING_LANGUAGES_DEVELOPERS VALUES(162,103)
INSERT INTO PROGRAMMING_LANGUAGES_DEVELOPERS VALUES(162,104)
INSERT INTO PROGRAMMING_LANGUAGES_DEVELOPERS VALUES(162,105)
INSERT INTO PROGRAMMING_LANGUAGES_DEVELOPERS VALUES(162,106)
INSERT INTO PROGRAMMING_LANGUAGES_DEVELOPERS VALUES(162,107)
INSERT INTO PROGRAMMING_LANGUAGES_DEVELOPERS VALUES(162,108)
INSERT INTO PROGRAMMING_LANGUAGES_DEVELOPERS VALUES(162,109)
INSERT INTO PROGRAMMING_LANGUAGES_DEVELOPERS VALUES(162,110)
INSERT INTO PROGRAMMING_LANGUAGES_DEVELOPERS VALUES(162,111)
INSERT INTO PROGRAMMING_LANGUAGES_DEVELOPERS VALUES(162,112)
INSERT INTO PROGRAMMING_LANGUAGES_DEVELOPERS VALUES(162,113)
INSERT INTO PROGRAMMING_LANGUAGES_DEVELOPERS VALUES(162,114)
INSERT INTO PROGRAMMING_LANGUAGES_DEVELOPERS VALUES(162,115)
INSERT INTO PROGRAMMING_LANGUAGES_DEVELOPERS VALUES(162,116)
INSERT INTO PROGRAMMING_LANGUAGES_DEVELOPERS VALUES(162,117)
INSERT INTO PROGRAMMING_LANGUAGES_DEVELOPERS VALUES(162,118)
INSERT INTO PROGRAMMING_LANGUAGES_DEVELOPERS VALUES(162,119)
INSERT INTO PROGRAMMING_LANGUAGES_DEVELOPERS VALUES(162,120)
INSERT INTO PROGRAMMING_LANGUAGES_DEVELOPERS VALUES(162,121)
INSERT INTO PROGRAMMING_LANGUAGES_DEVELOPERS VALUES(162,122)
INSERT INTO PROGRAMMING_LANGUAGES_DEVELOPERS VALUES(162,123)
INSERT INTO PROGRAMMING_LANGUAGES_DEVELOPERS VALUES(162,124)
INSERT INTO PROGRAMMING_LANGUAGES_DEVELOPERS VALUES(162,125)
INSERT INTO PROGRAMMING_LANGUAGES_DEVELOPERS VALUES(162,126)
INSERT INTO PROGRAMMING_LANGUAGES_DEVELOPERS VALUES(162,127)
INSERT INTO PROGRAMMING_LANGUAGES_DEVELOPERS VALUES(162,128)
INSERT INTO PROGRAMMING_LANGUAGES_DEVELOPERS VALUES(162,129)
INSERT INTO PROGRAMMING_LANGUAGES_DEVELOPERS VALUES(162,130)
INSERT INTO PROGRAMMING_LANGUAGES_DEVELOPERS VALUES(162,131)
INSERT INTO PROGRAMMING_LANGUAGES_DEVELOPERS VALUES(162,132)
INSERT INTO PROGRAMMING_LANGUAGES_DEVELOPERS VALUES(162,133)
INSERT INTO PROGRAMMING_LANGUAGES_DEVELOPERS VALUES(162,134)
INSERT INTO PROGRAMMING_LANGUAGES_DEVELOPERS VALUES(162,135)
INSERT INTO PROGRAMMING_LANGUAGES_DEVELOPERS VALUES(162,136)
INSERT INTO PROGRAMMING_LANGUAGES_DEVELOPERS VALUES(162,137)
INSERT INTO PROGRAMMING_LANGUAGES_DEVELOPERS VALUES(162,138)
INSERT INTO PROGRAMMING_LANGUAGES_DEVELOPERS VALUES(162,139)
INSERT INTO PROGRAMMING_LANGUAGES_DEVELOPERS VALUES(162,140)
INSERT INTO PROGRAMMING_LANGUAGES_DEVELOPERS VALUES(162,141)
INSERT INTO PROGRAMMING_LANGUAGES_DEVELOPERS VALUES(163,8)
INSERT INTO PROGRAMMING_LANGUAGES_DEVELOPERS VALUES(163,9)
INSERT INTO PROGRAMMING_LANGUAGES_DEVELOPERS VALUES(163,10)
INSERT INTO PROGRAMMING_LANGUAGES_DEVELOPERS VALUES(163,11)
INSERT INTO PROGRAMMING_LANGUAGES_DEVELOPERS VALUES(163,12)
INSERT INTO PROGRAMMING_LANGUAGES_DEVELOPERS VALUES(163,13)
INSERT INTO PROGRAMMING_LANGUAGES_DEVELOPERS VALUES(163,14)
INSERT INTO PROGRAMMING_LANGUAGES_DEVELOPERS VALUES(163,15)
INSERT INTO PROGRAMMING_LANGUAGES_DEVELOPERS VALUES(163,16)
INSERT INTO PROGRAMMING_LANGUAGES_DEVELOPERS VALUES(163,17)
INSERT INTO PROGRAMMING_LANGUAGES_DEVELOPERS VALUES(163,18)
INSERT INTO PROGRAMMING_LANGUAGES_DEVELOPERS VALUES(163,19)
INSERT INTO PROGRAMMING_LANGUAGES_DEVELOPERS VALUES(163,20)
INSERT INTO PROGRAMMING_LANGUAGES_DEVELOPERS VALUES(163,21)
INSERT INTO PROGRAMMING_LANGUAGES_DEVELOPERS VALUES(163,22)
INSERT INTO PROGRAMMING_LANGUAGES_DEVELOPERS VALUES(163,23)
INSERT INTO PROGRAMMING_LANGUAGES_DEVELOPERS VALUES(163,24)
INSERT INTO PROGRAMMING_LANGUAGES_DEVELOPERS VALUES(163,25)
INSERT INTO PROGRAMMING_LANGUAGES_DEVELOPERS VALUES(163,26)
INSERT INTO PROGRAMMING_LANGUAGES_DEVELOPERS VALUES(163,27)
INSERT INTO PROGRAMMING_LANGUAGES_DEVELOPERS VALUES(163,28)
INSERT INTO PROGRAMMING_LANGUAGES_DEVELOPERS VALUES(163,29)
INSERT INTO PROGRAMMING_LANGUAGES_DEVELOPERS VALUES(163,30)
INSERT INTO PROGRAMMING_LANGUAGES_DEVELOPERS VALUES(163,31)
INSERT INTO PROGRAMMING_LANGUAGES_DEVELOPERS VALUES(163,32)
INSERT INTO PROGRAMMING_LANGUAGES_DEVELOPERS VALUES(163,33)
INSERT INTO PROGRAMMING_LANGUAGES_DEVELOPERS VALUES(163,34)
INSERT INTO PROGRAMMING_LANGUAGES_DEVELOPERS VALUES(163,35)
INSERT INTO PROGRAMMING_LANGUAGES_DEVELOPERS VALUES(163,36)
INSERT INTO PROGRAMMING_LANGUAGES_DEVELOPERS VALUES(163,37)
INSERT INTO PROGRAMMING_LANGUAGES_DEVELOPERS VALUES(163,38)
INSERT INTO PROGRAMMING_LANGUAGES_DEVELOPERS VALUES(163,39)
INSERT INTO PROGRAMMING_LANGUAGES_DEVELOPERS VALUES(163,40)
INSERT INTO PROGRAMMING_LANGUAGES_DEVELOPERS VALUES(163,41)
INSERT INTO PROGRAMMING_LANGUAGES_DEVELOPERS VALUES(163,42)
INSERT INTO PROGRAMMING_LANGUAGES_DEVELOPERS VALUES(163,43)
INSERT INTO PROGRAMMING_LANGUAGES_DEVELOPERS VALUES(163,44)
INSERT INTO PROGRAMMING_LANGUAGES_DEVELOPERS VALUES(163,45)
INSERT INTO PROGRAMMING_LANGUAGES_DEVELOPERS VALUES(163,46)
INSERT INTO PROGRAMMING_LANGUAGES_DEVELOPERS VALUES(163,47)
INSERT INTO PROGRAMMING_LANGUAGES_DEVELOPERS VALUES(163,48)
INSERT INTO PROGRAMMING_LANGUAGES_DEVELOPERS VALUES(163,49)
INSERT INTO PROGRAMMING_LANGUAGES_DEVELOPERS VALUES(163,50)
INSERT INTO PROGRAMMING_LANGUAGES_DEVELOPERS VALUES(163,51)
INSERT INTO PROGRAMMING_LANGUAGES_DEVELOPERS VALUES(163,52)
INSERT INTO PROGRAMMING_LANGUAGES_DEVELOPERS VALUES(163,53)
INSERT INTO PROGRAMMING_LANGUAGES_DEVELOPERS VALUES(163,54)
INSERT INTO PROGRAMMING_LANGUAGES_DEVELOPERS VALUES(163,55)
INSERT INTO PROGRAMMING_LANGUAGES_DEVELOPERS VALUES(163,56)
INSERT INTO PROGRAMMING_LANGUAGES_DEVELOPERS VALUES(163,57)
INSERT INTO PROGRAMMING_LANGUAGES_DEVELOPERS VALUES(163,58)
INSERT INTO PROGRAMMING_LANGUAGES_DEVELOPERS VALUES(163,59)
INSERT INTO PROGRAMMING_LANGUAGES_DEVELOPERS VALUES(163,60)
INSERT INTO PROGRAMMING_LANGUAGES_DEVELOPERS VALUES(163,61)
INSERT INTO PROGRAMMING_LANGUAGES_DEVELOPERS VALUES(163,62)
INSERT INTO PROGRAMMING_LANGUAGES_DEVELOPERS VALUES(163,63)
INSERT INTO PROGRAMMING_LANGUAGES_DEVELOPERS VALUES(163,64)
INSERT INTO PROGRAMMING_LANGUAGES_DEVELOPERS VALUES(163,65)
INSERT INTO PROGRAMMING_LANGUAGES_DEVELOPERS VALUES(163,66)
INSERT INTO PROGRAMMING_LANGUAGES_DEVELOPERS VALUES(163,67)
INSERT INTO PROGRAMMING_LANGUAGES_DEVELOPERS VALUES(163,68)
INSERT INTO PROGRAMMING_LANGUAGES_DEVELOPERS VALUES(163,69)
INSERT INTO PROGRAMMING_LANGUAGES_DEVELOPERS VALUES(163,70)
INSERT INTO PROGRAMMING_LANGUAGES_DEVELOPERS VALUES(163,71)
INSERT INTO PROGRAMMING_LANGUAGES_DEVELOPERS VALUES(163,72)
INSERT INTO PROGRAMMING_LANGUAGES_DEVELOPERS VALUES(163,73)
INSERT INTO PROGRAMMING_LANGUAGES_DEVELOPERS VALUES(163,74)
INSERT INTO PROGRAMMING_LANGUAGES_DEVELOPERS VALUES(163,75)
INSERT INTO PROGRAMMING_LANGUAGES_DEVELOPERS VALUES(163,76)
INSERT INTO PROGRAMMING_LANGUAGES_DEVELOPERS VALUES(163,77)
INSERT INTO PROGRAMMING_LANGUAGES_DEVELOPERS VALUES(163,78)
INSERT INTO PROGRAMMING_LANGUAGES_DEVELOPERS VALUES(163,79)
INSERT INTO PROGRAMMING_LANGUAGES_DEVELOPERS VALUES(163,80)
INSERT INTO PROGRAMMING_LANGUAGES_DEVELOPERS VALUES(163,81)
INSERT INTO PROGRAMMING_LANGUAGES_DEVELOPERS VALUES(163,82)
INSERT INTO PROGRAMMING_LANGUAGES_DEVELOPERS VALUES(163,83)
INSERT INTO PROGRAMMING_LANGUAGES_DEVELOPERS VALUES(163,84)
INSERT INTO PROGRAMMING_LANGUAGES_DEVELOPERS VALUES(163,85)
INSERT INTO PROGRAMMING_LANGUAGES_DEVELOPERS VALUES(163,86)
INSERT INTO PROGRAMMING_LANGUAGES_DEVELOPERS VALUES(163,87)
INSERT INTO PROGRAMMING_LANGUAGES_DEVELOPERS VALUES(163,88)
INSERT INTO PROGRAMMING_LANGUAGES_DEVELOPERS VALUES(163,89)
INSERT INTO PROGRAMMING_LANGUAGES_DEVELOPERS VALUES(163,90)
INSERT INTO PROGRAMMING_LANGUAGES_DEVELOPERS VALUES(163,91)
INSERT INTO PROGRAMMING_LANGUAGES_DEVELOPERS VALUES(163,92)
INSERT INTO PROGRAMMING_LANGUAGES_DEVELOPERS VALUES(163,93)
INSERT INTO PROGRAMMING_LANGUAGES_DEVELOPERS VALUES(163,94)
INSERT INTO PROGRAMMING_LANGUAGES_DEVELOPERS VALUES(163,95)
INSERT INTO PROGRAMMING_LANGUAGES_DEVELOPERS VALUES(163,96)
INSERT INTO PROGRAMMING_LANGUAGES_DEVELOPERS VALUES(163,97)
INSERT INTO PROGRAMMING_LANGUAGES_DEVELOPERS VALUES(163,98)
INSERT INTO PROGRAMMING_LANGUAGES_DEVELOPERS VALUES(163,99)
INSERT INTO PROGRAMMING_LANGUAGES_DEVELOPERS VALUES(163,100)
INSERT INTO PROGRAMMING_LANGUAGES_DEVELOPERS VALUES(163,101)
INSERT INTO PROGRAMMING_LANGUAGES_DEVELOPERS VALUES(163,102)
INSERT INTO PROGRAMMING_LANGUAGES_DEVELOPERS VALUES(163,103)
INSERT INTO PROGRAMMING_LANGUAGES_DEVELOPERS VALUES(163,104)
INSERT INTO PROGRAMMING_LANGUAGES_DEVELOPERS VALUES(163,105)
INSERT INTO PROGRAMMING_LANGUAGES_DEVELOPERS VALUES(163,106)
INSERT INTO PROGRAMMING_LANGUAGES_DEVELOPERS VALUES(163,107)
INSERT INTO PROGRAMMING_LANGUAGES_DEVELOPERS VALUES(163,108)
INSERT INTO PROGRAMMING_LANGUAGES_DEVELOPERS VALUES(163,109)
INSERT INTO PROGRAMMING_LANGUAGES_DEVELOPERS VALUES(163,110)
INSERT INTO PROGRAMMING_LANGUAGES_DEVELOPERS VALUES(163,111)
INSERT INTO PROGRAMMING_LANGUAGES_DEVELOPERS VALUES(163,112)
INSERT INTO PROGRAMMING_LANGUAGES_DEVELOPERS VALUES(163,113)
INSERT INTO PROGRAMMING_LANGUAGES_DEVELOPERS VALUES(163,114)
INSERT INTO PROGRAMMING_LANGUAGES_DEVELOPERS VALUES(163,115)
INSERT INTO PROGRAMMING_LANGUAGES_DEVELOPERS VALUES(163,116)
INSERT INTO PROGRAMMING_LANGUAGES_DEVELOPERS VALUES(163,117)
INSERT INTO PROGRAMMING_LANGUAGES_DEVELOPERS VALUES(163,118)
INSERT INTO PROGRAMMING_LANGUAGES_DEVELOPERS VALUES(163,119)
INSERT INTO PROGRAMMING_LANGUAGES_DEVELOPERS VALUES(163,120)
INSERT INTO PROGRAMMING_LANGUAGES_DEVELOPERS VALUES(163,121)
INSERT INTO PROGRAMMING_LANGUAGES_DEVELOPERS VALUES(163,122)
INSERT INTO PROGRAMMING_LANGUAGES_DEVELOPERS VALUES(163,123)
INSERT INTO PROGRAMMING_LANGUAGES_DEVELOPERS VALUES(163,124)
INSERT INTO PROGRAMMING_LANGUAGES_DEVELOPERS VALUES(163,125)
INSERT INTO PROGRAMMING_LANGUAGES_DEVELOPERS VALUES(163,126)
INSERT INTO PROGRAMMING_LANGUAGES_DEVELOPERS VALUES(163,127)
INSERT INTO PROGRAMMING_LANGUAGES_DEVELOPERS VALUES(163,128)
INSERT INTO PROGRAMMING_LANGUAGES_DEVELOPERS VALUES(163,129)
INSERT INTO PROGRAMMING_LANGUAGES_DEVELOPERS VALUES(163,130)
INSERT INTO PROGRAMMING_LANGUAGES_DEVELOPERS VALUES(163,131)
INSERT INTO PROGRAMMING_LANGUAGES_DEVELOPERS VALUES(163,132)
INSERT INTO PROGRAMMING_LANGUAGES_DEVELOPERS VALUES(163,133)
INSERT INTO PROGRAMMING_LANGUAGES_DEVELOPERS VALUES(163,134)
INSERT INTO PROGRAMMING_LANGUAGES_DEVELOPERS VALUES(163,135)
INSERT INTO PROGRAMMING_LANGUAGES_DEVELOPERS VALUES(163,136)
INSERT INTO PROGRAMMING_LANGUAGES_DEVELOPERS VALUES(163,137)
INSERT INTO PROGRAMMING_LANGUAGES_DEVELOPERS VALUES(163,138)
INSERT INTO PROGRAMMING_LANGUAGES_DEVELOPERS VALUES(163,139)
INSERT INTO PROGRAMMING_LANGUAGES_DEVELOPERS VALUES(164,53)
INSERT INTO PROGRAMMING_LANGUAGES_DEVELOPERS VALUES(164,54)
INSERT INTO PROGRAMMING_LANGUAGES_DEVELOPERS VALUES(164,55)
INSERT INTO PROGRAMMING_LANGUAGES_DEVELOPERS VALUES(164,56)
INSERT INTO PROGRAMMING_LANGUAGES_DEVELOPERS VALUES(164,57)
INSERT INTO PROGRAMMING_LANGUAGES_DEVELOPERS VALUES(164,58)
INSERT INTO PROGRAMMING_LANGUAGES_DEVELOPERS VALUES(164,59)
INSERT INTO PROGRAMMING_LANGUAGES_DEVELOPERS VALUES(164,60)
INSERT INTO PROGRAMMING_LANGUAGES_DEVELOPERS VALUES(164,61)
INSERT INTO PROGRAMMING_LANGUAGES_DEVELOPERS VALUES(164,62)
INSERT INTO PROGRAMMING_LANGUAGES_DEVELOPERS VALUES(164,63)
INSERT INTO PROGRAMMING_LANGUAGES_DEVELOPERS VALUES(164,64)
INSERT INTO PROGRAMMING_LANGUAGES_DEVELOPERS VALUES(164,65)
INSERT INTO PROGRAMMING_LANGUAGES_DEVELOPERS VALUES(164,66)
INSERT INTO PROGRAMMING_LANGUAGES_DEVELOPERS VALUES(164,67)
INSERT INTO PROGRAMMING_LANGUAGES_DEVELOPERS VALUES(164,68)
INSERT INTO PROGRAMMING_LANGUAGES_DEVELOPERS VALUES(164,69)
INSERT INTO PROGRAMMING_LANGUAGES_DEVELOPERS VALUES(164,70)
INSERT INTO PROGRAMMING_LANGUAGES_DEVELOPERS VALUES(164,71)
INSERT INTO PROGRAMMING_LANGUAGES_DEVELOPERS VALUES(164,72)
INSERT INTO PROGRAMMING_LANGUAGES_DEVELOPERS VALUES(164,73)
INSERT INTO PROGRAMMING_LANGUAGES_DEVELOPERS VALUES(164,74)
INSERT INTO PROGRAMMING_LANGUAGES_DEVELOPERS VALUES(164,75)
INSERT INTO PROGRAMMING_LANGUAGES_DEVELOPERS VALUES(164,76)
INSERT INTO PROGRAMMING_LANGUAGES_DEVELOPERS VALUES(164,77)
INSERT INTO PROGRAMMING_LANGUAGES_DEVELOPERS VALUES(164,78)
INSERT INTO PROGRAMMING_LANGUAGES_DEVELOPERS VALUES(164,79)
INSERT INTO PROGRAMMING_LANGUAGES_DEVELOPERS VALUES(164,80)
INSERT INTO PROGRAMMING_LANGUAGES_DEVELOPERS VALUES(164,81)
INSERT INTO PROGRAMMING_LANGUAGES_DEVELOPERS VALUES(164,82)
INSERT INTO PROGRAMMING_LANGUAGES_DEVELOPERS VALUES(164,83)
INSERT INTO PROGRAMMING_LANGUAGES_DEVELOPERS VALUES(164,84)
INSERT INTO PROGRAMMING_LANGUAGES_DEVELOPERS VALUES(164,85)
INSERT INTO PROGRAMMING_LANGUAGES_DEVELOPERS VALUES(164,86)
INSERT INTO PROGRAMMING_LANGUAGES_DEVELOPERS VALUES(164,87)
INSERT INTO PROGRAMMING_LANGUAGES_DEVELOPERS VALUES(164,88)
INSERT INTO PROGRAMMING_LANGUAGES_DEVELOPERS VALUES(164,89)
INSERT INTO PROGRAMMING_LANGUAGES_DEVELOPERS VALUES(164,90)
INSERT INTO PROGRAMMING_LANGUAGES_DEVELOPERS VALUES(164,91)
INSERT INTO PROGRAMMING_LANGUAGES_DEVELOPERS VALUES(164,92)
INSERT INTO PROGRAMMING_LANGUAGES_DEVELOPERS VALUES(164,93)
INSERT INTO PROGRAMMING_LANGUAGES_DEVELOPERS VALUES(164,94)
INSERT INTO PROGRAMMING_LANGUAGES_DEVELOPERS VALUES(164,95)
INSERT INTO PROGRAMMING_LANGUAGES_DEVELOPERS VALUES(164,96)
INSERT INTO PROGRAMMING_LANGUAGES_DEVELOPERS VALUES(164,97)
INSERT INTO PROGRAMMING_LANGUAGES_DEVELOPERS VALUES(164,98)
INSERT INTO PROGRAMMING_LANGUAGES_DEVELOPERS VALUES(164,99)
INSERT INTO PROGRAMMING_LANGUAGES_DEVELOPERS VALUES(164,100)
INSERT INTO PROGRAMMING_LANGUAGES_DEVELOPERS VALUES(164,101)
INSERT INTO PROGRAMMING_LANGUAGES_DEVELOPERS VALUES(164,102)
INSERT INTO PROGRAMMING_LANGUAGES_DEVELOPERS VALUES(164,103)
INSERT INTO PROGRAMMING_LANGUAGES_DEVELOPERS VALUES(164,104)
INSERT INTO PROGRAMMING_LANGUAGES_DEVELOPERS VALUES(164,105)
INSERT INTO PROGRAMMING_LANGUAGES_DEVELOPERS VALUES(164,106)
INSERT INTO PROGRAMMING_LANGUAGES_DEVELOPERS VALUES(164,107)
INSERT INTO PROGRAMMING_LANGUAGES_DEVELOPERS VALUES(164,108)
INSERT INTO PROGRAMMING_LANGUAGES_DEVELOPERS VALUES(164,109)
INSERT INTO PROGRAMMING_LANGUAGES_DEVELOPERS VALUES(164,110)
INSERT INTO PROGRAMMING_LANGUAGES_DEVELOPERS VALUES(164,111)
INSERT INTO PROGRAMMING_LANGUAGES_DEVELOPERS VALUES(164,112)
INSERT INTO PROGRAMMING_LANGUAGES_DEVELOPERS VALUES(164,113)
INSERT INTO PROGRAMMING_LANGUAGES_DEVELOPERS VALUES(164,114)
INSERT INTO PROGRAMMING_LANGUAGES_DEVELOPERS VALUES(164,115)
INSERT INTO PROGRAMMING_LANGUAGES_DEVELOPERS VALUES(164,116)
INSERT INTO PROGRAMMING_LANGUAGES_DEVELOPERS VALUES(164,117)
INSERT INTO PROGRAMMING_LANGUAGES_DEVELOPERS VALUES(164,118)
INSERT INTO PROGRAMMING_LANGUAGES_DEVELOPERS VALUES(164,119)
INSERT INTO PROGRAMMING_LANGUAGES_DEVELOPERS VALUES(164,120)
INSERT INTO PROGRAMMING_LANGUAGES_DEVELOPERS VALUES(164,121)
INSERT INTO PROGRAMMING_LANGUAGES_DEVELOPERS VALUES(164,122)
INSERT INTO PROGRAMMING_LANGUAGES_DEVELOPERS VALUES(164,123)
INSERT INTO PROGRAMMING_LANGUAGES_DEVELOPERS VALUES(164,124)
INSERT INTO PROGRAMMING_LANGUAGES_DEVELOPERS VALUES(164,125)
INSERT INTO PROGRAMMING_LANGUAGES_DEVELOPERS VALUES(164,126)
INSERT INTO PROGRAMMING_LANGUAGES_DEVELOPERS VALUES(164,127)
INSERT INTO PROGRAMMING_LANGUAGES_DEVELOPERS VALUES(164,128)
INSERT INTO PROGRAMMING_LANGUAGES_DEVELOPERS VALUES(164,129)
INSERT INTO PROGRAMMING_LANGUAGES_DEVELOPERS VALUES(164,130)
INSERT INTO PROGRAMMING_LANGUAGES_DEVELOPERS VALUES(164,131)
INSERT INTO PROGRAMMING_LANGUAGES_DEVELOPERS VALUES(164,132)
INSERT INTO PROGRAMMING_LANGUAGES_DEVELOPERS VALUES(164,133)
INSERT INTO PROGRAMMING_LANGUAGES_DEVELOPERS VALUES(164,134)
INSERT INTO PROGRAMMING_LANGUAGES_DEVELOPERS VALUES(164,135)
INSERT INTO PROGRAMMING_LANGUAGES_DEVELOPERS VALUES(164,136)
INSERT INTO PROGRAMMING_LANGUAGES_DEVELOPERS VALUES(164,137)
INSERT INTO PROGRAMMING_LANGUAGES_DEVELOPERS VALUES(164,138)
INSERT INTO PROGRAMMING_LANGUAGES_DEVELOPERS VALUES(164,139)
INSERT INTO PROGRAMMING_LANGUAGES_DEVELOPERS VALUES(164,140)
INSERT INTO PROGRAMMING_LANGUAGES_DEVELOPERS VALUES(164,141)
INSERT INTO PROGRAMMING_LANGUAGES_DEVELOPERS VALUES(164,142)
INSERT INTO PROGRAMMING_LANGUAGES_DEVELOPERS VALUES(164,143)
INSERT INTO PROGRAMMING_LANGUAGES_DEVELOPERS VALUES(166,56)
INSERT INTO PROGRAMMING_LANGUAGES_DEVELOPERS VALUES(166,57)
INSERT INTO PROGRAMMING_LANGUAGES_DEVELOPERS VALUES(166,58)
INSERT INTO PROGRAMMING_LANGUAGES_DEVELOPERS VALUES(166,59)
INSERT INTO PROGRAMMING_LANGUAGES_DEVELOPERS VALUES(166,60)
INSERT INTO PROGRAMMING_LANGUAGES_DEVELOPERS VALUES(166,61)
INSERT INTO PROGRAMMING_LANGUAGES_DEVELOPERS VALUES(166,62)
INSERT INTO PROGRAMMING_LANGUAGES_DEVELOPERS VALUES(166,63)
INSERT INTO PROGRAMMING_LANGUAGES_DEVELOPERS VALUES(166,64)
INSERT INTO PROGRAMMING_LANGUAGES_DEVELOPERS VALUES(166,65)
INSERT INTO PROGRAMMING_LANGUAGES_DEVELOPERS VALUES(166,66)
INSERT INTO PROGRAMMING_LANGUAGES_DEVELOPERS VALUES(167,102)
INSERT INTO PROGRAMMING_LANGUAGES_DEVELOPERS VALUES(167,103)
INSERT INTO PROGRAMMING_LANGUAGES_DEVELOPERS VALUES(167,104)
INSERT INTO PROGRAMMING_LANGUAGES_DEVELOPERS VALUES(167,105)
INSERT INTO PROGRAMMING_LANGUAGES_DEVELOPERS VALUES(167,106)
INSERT INTO PROGRAMMING_LANGUAGES_DEVELOPERS VALUES(167,107)
INSERT INTO PROGRAMMING_LANGUAGES_DEVELOPERS VALUES(167,108)
INSERT INTO PROGRAMMING_LANGUAGES_DEVELOPERS VALUES(167,109)
INSERT INTO PROGRAMMING_LANGUAGES_DEVELOPERS VALUES(167,110)
INSERT INTO PROGRAMMING_LANGUAGES_DEVELOPERS VALUES(167,111)
INSERT INTO PROGRAMMING_LANGUAGES_DEVELOPERS VALUES(167,112)
INSERT INTO PROGRAMMING_LANGUAGES_DEVELOPERS VALUES(167,113)
INSERT INTO PROGRAMMING_LANGUAGES_DEVELOPERS VALUES(167,114)
INSERT INTO PROGRAMMING_LANGUAGES_DEVELOPERS VALUES(167,115)
INSERT INTO PROGRAMMING_LANGUAGES_DEVELOPERS VALUES(167,116)
INSERT INTO PROGRAMMING_LANGUAGES_DEVELOPERS VALUES(167,117)
INSERT INTO PROGRAMMING_LANGUAGES_DEVELOPERS VALUES(167,118)
INSERT INTO PROGRAMMING_LANGUAGES_DEVELOPERS VALUES(167,119)
INSERT INTO PROGRAMMING_LANGUAGES_DEVELOPERS VALUES(167,120)
INSERT INTO PROGRAMMING_LANGUAGES_DEVELOPERS VALUES(167,121)
INSERT INTO PROGRAMMING_LANGUAGES_DEVELOPERS VALUES(167,122)
INSERT INTO PROGRAMMING_LANGUAGES_DEVELOPERS VALUES(167,123)
INSERT INTO PROGRAMMING_LANGUAGES_DEVELOPERS VALUES(167,124)
INSERT INTO PROGRAMMING_LANGUAGES_DEVELOPERS VALUES(167,125)
INSERT INTO PROGRAMMING_LANGUAGES_DEVELOPERS VALUES(167,126)
INSERT INTO PROGRAMMING_LANGUAGES_DEVELOPERS VALUES(167,127)
INSERT INTO PROGRAMMING_LANGUAGES_DEVELOPERS VALUES(167,128)
INSERT INTO PROGRAMMING_LANGUAGES_DEVELOPERS VALUES(167,129)
INSERT INTO PROGRAMMING_LANGUAGES_DEVELOPERS VALUES(167,130)
INSERT INTO PROGRAMMING_LANGUAGES_DEVELOPERS VALUES(167,131)
INSERT INTO PROGRAMMING_LANGUAGES_DEVELOPERS VALUES(167,132)
INSERT INTO PROGRAMMING_LANGUAGES_DEVELOPERS VALUES(167,133)
INSERT INTO PROGRAMMING_LANGUAGES_DEVELOPERS VALUES(167,134)
INSERT INTO PROGRAMMING_LANGUAGES_DEVELOPERS VALUES(167,135)
INSERT INTO PROGRAMMING_LANGUAGES_DEVELOPERS VALUES(167,136)
INSERT INTO PROGRAMMING_LANGUAGES_DEVELOPERS VALUES(167,137)
INSERT INTO PROGRAMMING_LANGUAGES_DEVELOPERS VALUES(167,138)
INSERT INTO PROGRAMMING_LANGUAGES_DEVELOPERS VALUES(167,139)
INSERT INTO PROGRAMMING_LANGUAGES_DEVELOPERS VALUES(167,140)
INSERT INTO PROGRAMMING_LANGUAGES_DEVELOPERS VALUES(167,141)
INSERT INTO PROGRAMMING_LANGUAGES_DEVELOPERS VALUES(167,142)
INSERT INTO PROGRAMMING_LANGUAGES_DEVELOPERS VALUES(167,143)
INSERT INTO PROGRAMMING_LANGUAGES_DEVELOPERS VALUES(167,144)
INSERT INTO PROGRAMMING_LANGUAGES_DEVELOPERS VALUES(167,145)
INSERT INTO PROGRAMMING_LANGUAGES_DEVELOPERS VALUES(168,21)
INSERT INTO PROGRAMMING_LANGUAGES_DEVELOPERS VALUES(168,22)
INSERT INTO PROGRAMMING_LANGUAGES_DEVELOPERS VALUES(168,23)
INSERT INTO PROGRAMMING_LANGUAGES_DEVELOPERS VALUES(168,24)
INSERT INTO PROGRAMMING_LANGUAGES_DEVELOPERS VALUES(168,25)
INSERT INTO PROGRAMMING_LANGUAGES_DEVELOPERS VALUES(168,26)
INSERT INTO PROGRAMMING_LANGUAGES_DEVELOPERS VALUES(168,27)
INSERT INTO PROGRAMMING_LANGUAGES_DEVELOPERS VALUES(168,28)
INSERT INTO PROGRAMMING_LANGUAGES_DEVELOPERS VALUES(168,29)
INSERT INTO PROGRAMMING_LANGUAGES_DEVELOPERS VALUES(168,30)
INSERT INTO PROGRAMMING_LANGUAGES_DEVELOPERS VALUES(168,31)
INSERT INTO PROGRAMMING_LANGUAGES_DEVELOPERS VALUES(168,32)
INSERT INTO PROGRAMMING_LANGUAGES_DEVELOPERS VALUES(168,33)
INSERT INTO PROGRAMMING_LANGUAGES_DEVELOPERS VALUES(168,34)
INSERT INTO PROGRAMMING_LANGUAGES_DEVELOPERS VALUES(168,35)
INSERT INTO PROGRAMMING_LANGUAGES_DEVELOPERS VALUES(168,36)
INSERT INTO PROGRAMMING_LANGUAGES_DEVELOPERS VALUES(168,37)
INSERT INTO PROGRAMMING_LANGUAGES_DEVELOPERS VALUES(168,38)
INSERT INTO PROGRAMMING_LANGUAGES_DEVELOPERS VALUES(168,39)
INSERT INTO PROGRAMMING_LANGUAGES_DEVELOPERS VALUES(168,40)
INSERT INTO PROGRAMMING_LANGUAGES_DEVELOPERS VALUES(168,41)
INSERT INTO PROGRAMMING_LANGUAGES_DEVELOPERS VALUES(168,42)
INSERT INTO PROGRAMMING_LANGUAGES_DEVELOPERS VALUES(168,43)
INSERT INTO PROGRAMMING_LANGUAGES_DEVELOPERS VALUES(168,44)
INSERT INTO PROGRAMMING_LANGUAGES_DEVELOPERS VALUES(168,45)
INSERT INTO PROGRAMMING_LANGUAGES_DEVELOPERS VALUES(168,46)
INSERT INTO PROGRAMMING_LANGUAGES_DEVELOPERS VALUES(168,47)
INSERT INTO PROGRAMMING_LANGUAGES_DEVELOPERS VALUES(168,48)
INSERT INTO PROGRAMMING_LANGUAGES_DEVELOPERS VALUES(168,49)
INSERT INTO PROGRAMMING_LANGUAGES_DEVELOPERS VALUES(168,50)
INSERT INTO PROGRAMMING_LANGUAGES_DEVELOPERS VALUES(168,51)
INSERT INTO PROGRAMMING_LANGUAGES_DEVELOPERS VALUES(168,52)
INSERT INTO PROGRAMMING_LANGUAGES_DEVELOPERS VALUES(168,53)
INSERT INTO PROGRAMMING_LANGUAGES_DEVELOPERS VALUES(168,54)
INSERT INTO PROGRAMMING_LANGUAGES_DEVELOPERS VALUES(168,55)
INSERT INTO PROGRAMMING_LANGUAGES_DEVELOPERS VALUES(168,56)
INSERT INTO PROGRAMMING_LANGUAGES_DEVELOPERS VALUES(168,57)
INSERT INTO PROGRAMMING_LANGUAGES_DEVELOPERS VALUES(168,58)
INSERT INTO PROGRAMMING_LANGUAGES_DEVELOPERS VALUES(168,59)
INSERT INTO PROGRAMMING_LANGUAGES_DEVELOPERS VALUES(168,60)
INSERT INTO PROGRAMMING_LANGUAGES_DEVELOPERS VALUES(168,61)
INSERT INTO PROGRAMMING_LANGUAGES_DEVELOPERS VALUES(168,62)
INSERT INTO PROGRAMMING_LANGUAGES_DEVELOPERS VALUES(168,63)
INSERT INTO PROGRAMMING_LANGUAGES_DEVELOPERS VALUES(168,64)
INSERT INTO PROGRAMMING_LANGUAGES_DEVELOPERS VALUES(168,65)
INSERT INTO PROGRAMMING_LANGUAGES_DEVELOPERS VALUES(168,66)
INSERT INTO PROGRAMMING_LANGUAGES_DEVELOPERS VALUES(168,67)
INSERT INTO PROGRAMMING_LANGUAGES_DEVELOPERS VALUES(168,68)
INSERT INTO PROGRAMMING_LANGUAGES_DEVELOPERS VALUES(168,69)
INSERT INTO PROGRAMMING_LANGUAGES_DEVELOPERS VALUES(168,70)
INSERT INTO PROGRAMMING_LANGUAGES_DEVELOPERS VALUES(168,71)
INSERT INTO PROGRAMMING_LANGUAGES_DEVELOPERS VALUES(168,72)
INSERT INTO PROGRAMMING_LANGUAGES_DEVELOPERS VALUES(168,73)
INSERT INTO PROGRAMMING_LANGUAGES_DEVELOPERS VALUES(168,74)
INSERT INTO PROGRAMMING_LANGUAGES_DEVELOPERS VALUES(168,75)
INSERT INTO PROGRAMMING_LANGUAGES_DEVELOPERS VALUES(168,76)
INSERT INTO PROGRAMMING_LANGUAGES_DEVELOPERS VALUES(168,77)
INSERT INTO PROGRAMMING_LANGUAGES_DEVELOPERS VALUES(168,78)
INSERT INTO PROGRAMMING_LANGUAGES_DEVELOPERS VALUES(168,79)
INSERT INTO PROGRAMMING_LANGUAGES_DEVELOPERS VALUES(168,80)
INSERT INTO PROGRAMMING_LANGUAGES_DEVELOPERS VALUES(168,81)
INSERT INTO PROGRAMMING_LANGUAGES_DEVELOPERS VALUES(168,82)
INSERT INTO PROGRAMMING_LANGUAGES_DEVELOPERS VALUES(168,83)
INSERT INTO PROGRAMMING_LANGUAGES_DEVELOPERS VALUES(168,84)
INSERT INTO PROGRAMMING_LANGUAGES_DEVELOPERS VALUES(168,85)
INSERT INTO PROGRAMMING_LANGUAGES_DEVELOPERS VALUES(168,86)
INSERT INTO PROGRAMMING_LANGUAGES_DEVELOPERS VALUES(168,87)
INSERT INTO PROGRAMMING_LANGUAGES_DEVELOPERS VALUES(168,88)
INSERT INTO PROGRAMMING_LANGUAGES_DEVELOPERS VALUES(168,89)
INSERT INTO PROGRAMMING_LANGUAGES_DEVELOPERS VALUES(168,90)
INSERT INTO PROGRAMMING_LANGUAGES_DEVELOPERS VALUES(168,91)
INSERT INTO PROGRAMMING_LANGUAGES_DEVELOPERS VALUES(168,92)
INSERT INTO PROGRAMMING_LANGUAGES_DEVELOPERS VALUES(168,93)
INSERT INTO PROGRAMMING_LANGUAGES_DEVELOPERS VALUES(168,94)
INSERT INTO PROGRAMMING_LANGUAGES_DEVELOPERS VALUES(168,95)
INSERT INTO PROGRAMMING_LANGUAGES_DEVELOPERS VALUES(168,96)
INSERT INTO PROGRAMMING_LANGUAGES_DEVELOPERS VALUES(170,40)
INSERT INTO PROGRAMMING_LANGUAGES_DEVELOPERS VALUES(170,41)
INSERT INTO PROGRAMMING_LANGUAGES_DEVELOPERS VALUES(170,42)
INSERT INTO PROGRAMMING_LANGUAGES_DEVELOPERS VALUES(170,43)
INSERT INTO PROGRAMMING_LANGUAGES_DEVELOPERS VALUES(170,44)
INSERT INTO PROGRAMMING_LANGUAGES_DEVELOPERS VALUES(170,45)
INSERT INTO PROGRAMMING_LANGUAGES_DEVELOPERS VALUES(170,46)
INSERT INTO PROGRAMMING_LANGUAGES_DEVELOPERS VALUES(170,47)
INSERT INTO PROGRAMMING_LANGUAGES_DEVELOPERS VALUES(170,48)
INSERT INTO PROGRAMMING_LANGUAGES_DEVELOPERS VALUES(170,49)
INSERT INTO PROGRAMMING_LANGUAGES_DEVELOPERS VALUES(170,50)
INSERT INTO PROGRAMMING_LANGUAGES_DEVELOPERS VALUES(170,51)
INSERT INTO PROGRAMMING_LANGUAGES_DEVELOPERS VALUES(170,52)
INSERT INTO PROGRAMMING_LANGUAGES_DEVELOPERS VALUES(170,53)
INSERT INTO PROGRAMMING_LANGUAGES_DEVELOPERS VALUES(170,54)
INSERT INTO PROGRAMMING_LANGUAGES_DEVELOPERS VALUES(170,55)
INSERT INTO PROGRAMMING_LANGUAGES_DEVELOPERS VALUES(170,56)
INSERT INTO PROGRAMMING_LANGUAGES_DEVELOPERS VALUES(170,57)
INSERT INTO PROGRAMMING_LANGUAGES_DEVELOPERS VALUES(170,58)
INSERT INTO PROGRAMMING_LANGUAGES_DEVELOPERS VALUES(170,59)
INSERT INTO PROGRAMMING_LANGUAGES_DEVELOPERS VALUES(170,60)
INSERT INTO PROGRAMMING_LANGUAGES_DEVELOPERS VALUES(170,61)
INSERT INTO PROGRAMMING_LANGUAGES_DEVELOPERS VALUES(170,62)
INSERT INTO PROGRAMMING_LANGUAGES_DEVELOPERS VALUES(170,63)
INSERT INTO PROGRAMMING_LANGUAGES_DEVELOPERS VALUES(170,64)
INSERT INTO PROGRAMMING_LANGUAGES_DEVELOPERS VALUES(170,65)
INSERT INTO PROGRAMMING_LANGUAGES_DEVELOPERS VALUES(170,66)
INSERT INTO PROGRAMMING_LANGUAGES_DEVELOPERS VALUES(170,67)
INSERT INTO PROGRAMMING_LANGUAGES_DEVELOPERS VALUES(170,68)
INSERT INTO PROGRAMMING_LANGUAGES_DEVELOPERS VALUES(170,69)
INSERT INTO PROGRAMMING_LANGUAGES_DEVELOPERS VALUES(170,70)
INSERT INTO PROGRAMMING_LANGUAGES_DEVELOPERS VALUES(170,71)
INSERT INTO PROGRAMMING_LANGUAGES_DEVELOPERS VALUES(170,72)
INSERT INTO PROGRAMMING_LANGUAGES_DEVELOPERS VALUES(170,73)
INSERT INTO PROGRAMMING_LANGUAGES_DEVELOPERS VALUES(170,74)
INSERT INTO PROGRAMMING_LANGUAGES_DEVELOPERS VALUES(170,75)
INSERT INTO PROGRAMMING_LANGUAGES_DEVELOPERS VALUES(170,76)
INSERT INTO PROGRAMMING_LANGUAGES_DEVELOPERS VALUES(170,77)
INSERT INTO PROGRAMMING_LANGUAGES_DEVELOPERS VALUES(170,78)
INSERT INTO PROGRAMMING_LANGUAGES_DEVELOPERS VALUES(170,79)
INSERT INTO PROGRAMMING_LANGUAGES_DEVELOPERS VALUES(170,80)
INSERT INTO PROGRAMMING_LANGUAGES_DEVELOPERS VALUES(170,81)
INSERT INTO PROGRAMMING_LANGUAGES_DEVELOPERS VALUES(170,82)
INSERT INTO PROGRAMMING_LANGUAGES_DEVELOPERS VALUES(170,83)
INSERT INTO PROGRAMMING_LANGUAGES_DEVELOPERS VALUES(170,84)
INSERT INTO PROGRAMMING_LANGUAGES_DEVELOPERS VALUES(171,147)
INSERT INTO PROGRAMMING_LANGUAGES_DEVELOPERS VALUES(171,148)
INSERT INTO PROGRAMMING_LANGUAGES_DEVELOPERS VALUES(172,19)
INSERT INTO PROGRAMMING_LANGUAGES_DEVELOPERS VALUES(172,20)
INSERT INTO PROGRAMMING_LANGUAGES_DEVELOPERS VALUES(172,21)
INSERT INTO PROGRAMMING_LANGUAGES_DEVELOPERS VALUES(172,22)
INSERT INTO PROGRAMMING_LANGUAGES_DEVELOPERS VALUES(172,23)
INSERT INTO PROGRAMMING_LANGUAGES_DEVELOPERS VALUES(172,24)
INSERT INTO PROGRAMMING_LANGUAGES_DEVELOPERS VALUES(172,25)
INSERT INTO PROGRAMMING_LANGUAGES_DEVELOPERS VALUES(172,26)
INSERT INTO PROGRAMMING_LANGUAGES_DEVELOPERS VALUES(172,27)
INSERT INTO PROGRAMMING_LANGUAGES_DEVELOPERS VALUES(172,28)
INSERT INTO PROGRAMMING_LANGUAGES_DEVELOPERS VALUES(172,29)
INSERT INTO PROGRAMMING_LANGUAGES_DEVELOPERS VALUES(174,5)
INSERT INTO PROGRAMMING_LANGUAGES_DEVELOPERS VALUES(174,6)
INSERT INTO PROGRAMMING_LANGUAGES_DEVELOPERS VALUES(174,7)
INSERT INTO PROGRAMMING_LANGUAGES_DEVELOPERS VALUES(174,8)
INSERT INTO PROGRAMMING_LANGUAGES_DEVELOPERS VALUES(174,9)
INSERT INTO PROGRAMMING_LANGUAGES_DEVELOPERS VALUES(174,10)
INSERT INTO PROGRAMMING_LANGUAGES_DEVELOPERS VALUES(174,11)
INSERT INTO PROGRAMMING_LANGUAGES_DEVELOPERS VALUES(174,12)
INSERT INTO PROGRAMMING_LANGUAGES_DEVELOPERS VALUES(174,13)
INSERT INTO PROGRAMMING_LANGUAGES_DEVELOPERS VALUES(174,14)
INSERT INTO PROGRAMMING_LANGUAGES_DEVELOPERS VALUES(174,15)
INSERT INTO PROGRAMMING_LANGUAGES_DEVELOPERS VALUES(174,16)
INSERT INTO PROGRAMMING_LANGUAGES_DEVELOPERS VALUES(174,17)
INSERT INTO PROGRAMMING_LANGUAGES_DEVELOPERS VALUES(174,18)
INSERT INTO PROGRAMMING_LANGUAGES_DEVELOPERS VALUES(174,19)
INSERT INTO PROGRAMMING_LANGUAGES_DEVELOPERS VALUES(175,21)
INSERT INTO PROGRAMMING_LANGUAGES_DEVELOPERS VALUES(175,22)
INSERT INTO PROGRAMMING_LANGUAGES_DEVELOPERS VALUES(175,23)
INSERT INTO PROGRAMMING_LANGUAGES_DEVELOPERS VALUES(175,24)
INSERT INTO PROGRAMMING_LANGUAGES_DEVELOPERS VALUES(175,25)
INSERT INTO PROGRAMMING_LANGUAGES_DEVELOPERS VALUES(175,26)
INSERT INTO PROGRAMMING_LANGUAGES_DEVELOPERS VALUES(175,27)
INSERT INTO PROGRAMMING_LANGUAGES_DEVELOPERS VALUES(175,28)
INSERT INTO PROGRAMMING_LANGUAGES_DEVELOPERS VALUES(175,29)
INSERT INTO PROGRAMMING_LANGUAGES_DEVELOPERS VALUES(175,30)
INSERT INTO PROGRAMMING_LANGUAGES_DEVELOPERS VALUES(175,31)
INSERT INTO PROGRAMMING_LANGUAGES_DEVELOPERS VALUES(175,32)
INSERT INTO PROGRAMMING_LANGUAGES_DEVELOPERS VALUES(175,33)
INSERT INTO PROGRAMMING_LANGUAGES_DEVELOPERS VALUES(175,34)
INSERT INTO PROGRAMMING_LANGUAGES_DEVELOPERS VALUES(175,35)
INSERT INTO PROGRAMMING_LANGUAGES_DEVELOPERS VALUES(175,36)
INSERT INTO PROGRAMMING_LANGUAGES_DEVELOPERS VALUES(175,37)
INSERT INTO PROGRAMMING_LANGUAGES_DEVELOPERS VALUES(175,38)
INSERT INTO PROGRAMMING_LANGUAGES_DEVELOPERS VALUES(175,39)
INSERT INTO PROGRAMMING_LANGUAGES_DEVELOPERS VALUES(175,40)
INSERT INTO PROGRAMMING_LANGUAGES_DEVELOPERS VALUES(175,41)
INSERT INTO PROGRAMMING_LANGUAGES_DEVELOPERS VALUES(175,42)
INSERT INTO PROGRAMMING_LANGUAGES_DEVELOPERS VALUES(175,43)
INSERT INTO PROGRAMMING_LANGUAGES_DEVELOPERS VALUES(175,44)
INSERT INTO PROGRAMMING_LANGUAGES_DEVELOPERS VALUES(175,45)
INSERT INTO PROGRAMMING_LANGUAGES_DEVELOPERS VALUES(175,46)
INSERT INTO PROGRAMMING_LANGUAGES_DEVELOPERS VALUES(175,47)
INSERT INTO PROGRAMMING_LANGUAGES_DEVELOPERS VALUES(175,48)
INSERT INTO PROGRAMMING_LANGUAGES_DEVELOPERS VALUES(175,49)
INSERT INTO PROGRAMMING_LANGUAGES_DEVELOPERS VALUES(175,50)
INSERT INTO PROGRAMMING_LANGUAGES_DEVELOPERS VALUES(175,51)
INSERT INTO PROGRAMMING_LANGUAGES_DEVELOPERS VALUES(175,52)
INSERT INTO PROGRAMMING_LANGUAGES_DEVELOPERS VALUES(175,53)
INSERT INTO PROGRAMMING_LANGUAGES_DEVELOPERS VALUES(175,54)
INSERT INTO PROGRAMMING_LANGUAGES_DEVELOPERS VALUES(175,55)
INSERT INTO PROGRAMMING_LANGUAGES_DEVELOPERS VALUES(175,56)
INSERT INTO PROGRAMMING_LANGUAGES_DEVELOPERS VALUES(175,57)
INSERT INTO PROGRAMMING_LANGUAGES_DEVELOPERS VALUES(175,58)
INSERT INTO PROGRAMMING_LANGUAGES_DEVELOPERS VALUES(175,59)
INSERT INTO PROGRAMMING_LANGUAGES_DEVELOPERS VALUES(175,60)
INSERT INTO PROGRAMMING_LANGUAGES_DEVELOPERS VALUES(175,61)
INSERT INTO PROGRAMMING_LANGUAGES_DEVELOPERS VALUES(175,62)
INSERT INTO PROGRAMMING_LANGUAGES_DEVELOPERS VALUES(175,63)
INSERT INTO PROGRAMMING_LANGUAGES_DEVELOPERS VALUES(175,64)
INSERT INTO PROGRAMMING_LANGUAGES_DEVELOPERS VALUES(175,65)
INSERT INTO PROGRAMMING_LANGUAGES_DEVELOPERS VALUES(175,66)
INSERT INTO PROGRAMMING_LANGUAGES_DEVELOPERS VALUES(175,67)
INSERT INTO PROGRAMMING_LANGUAGES_DEVELOPERS VALUES(175,68)
INSERT INTO PROGRAMMING_LANGUAGES_DEVELOPERS VALUES(175,69)
INSERT INTO PROGRAMMING_LANGUAGES_DEVELOPERS VALUES(175,70)
INSERT INTO PROGRAMMING_LANGUAGES_DEVELOPERS VALUES(175,71)
INSERT INTO PROGRAMMING_LANGUAGES_DEVELOPERS VALUES(175,72)
INSERT INTO PROGRAMMING_LANGUAGES_DEVELOPERS VALUES(175,73)
INSERT INTO PROGRAMMING_LANGUAGES_DEVELOPERS VALUES(175,74)
INSERT INTO PROGRAMMING_LANGUAGES_DEVELOPERS VALUES(175,75)
INSERT INTO PROGRAMMING_LANGUAGES_DEVELOPERS VALUES(175,76)
INSERT INTO PROGRAMMING_LANGUAGES_DEVELOPERS VALUES(175,77)
INSERT INTO PROGRAMMING_LANGUAGES_DEVELOPERS VALUES(175,78)
INSERT INTO PROGRAMMING_LANGUAGES_DEVELOPERS VALUES(175,79)
INSERT INTO PROGRAMMING_LANGUAGES_DEVELOPERS VALUES(175,80)
INSERT INTO PROGRAMMING_LANGUAGES_DEVELOPERS VALUES(175,81)
INSERT INTO PROGRAMMING_LANGUAGES_DEVELOPERS VALUES(175,82)
INSERT INTO PROGRAMMING_LANGUAGES_DEVELOPERS VALUES(175,83)
INSERT INTO PROGRAMMING_LANGUAGES_DEVELOPERS VALUES(175,84)
INSERT INTO PROGRAMMING_LANGUAGES_DEVELOPERS VALUES(175,85)
INSERT INTO PROGRAMMING_LANGUAGES_DEVELOPERS VALUES(175,86)
INSERT INTO PROGRAMMING_LANGUAGES_DEVELOPERS VALUES(175,87)
INSERT INTO PROGRAMMING_LANGUAGES_DEVELOPERS VALUES(175,88)
INSERT INTO PROGRAMMING_LANGUAGES_DEVELOPERS VALUES(175,89)
INSERT INTO PROGRAMMING_LANGUAGES_DEVELOPERS VALUES(175,90)
INSERT INTO PROGRAMMING_LANGUAGES_DEVELOPERS VALUES(175,91)
INSERT INTO PROGRAMMING_LANGUAGES_DEVELOPERS VALUES(175,92)
INSERT INTO PROGRAMMING_LANGUAGES_DEVELOPERS VALUES(175,93)
INSERT INTO PROGRAMMING_LANGUAGES_DEVELOPERS VALUES(176,97)
INSERT INTO PROGRAMMING_LANGUAGES_DEVELOPERS VALUES(176,98)
INSERT INTO PROGRAMMING_LANGUAGES_DEVELOPERS VALUES(176,99)
INSERT INTO PROGRAMMING_LANGUAGES_DEVELOPERS VALUES(176,100)
INSERT INTO PROGRAMMING_LANGUAGES_DEVELOPERS VALUES(176,101)
INSERT INTO PROGRAMMING_LANGUAGES_DEVELOPERS VALUES(176,102)
INSERT INTO PROGRAMMING_LANGUAGES_DEVELOPERS VALUES(176,103)
INSERT INTO PROGRAMMING_LANGUAGES_DEVELOPERS VALUES(176,104)
INSERT INTO PROGRAMMING_LANGUAGES_DEVELOPERS VALUES(176,105)
INSERT INTO PROGRAMMING_LANGUAGES_DEVELOPERS VALUES(176,106)
INSERT INTO PROGRAMMING_LANGUAGES_DEVELOPERS VALUES(176,107)
INSERT INTO PROGRAMMING_LANGUAGES_DEVELOPERS VALUES(176,108)
INSERT INTO PROGRAMMING_LANGUAGES_DEVELOPERS VALUES(176,109)
INSERT INTO PROGRAMMING_LANGUAGES_DEVELOPERS VALUES(176,110)
INSERT INTO PROGRAMMING_LANGUAGES_DEVELOPERS VALUES(176,111)
INSERT INTO PROGRAMMING_LANGUAGES_DEVELOPERS VALUES(176,112)
INSERT INTO PROGRAMMING_LANGUAGES_DEVELOPERS VALUES(176,113)
INSERT INTO PROGRAMMING_LANGUAGES_DEVELOPERS VALUES(176,114)
INSERT INTO PROGRAMMING_LANGUAGES_DEVELOPERS VALUES(176,115)
INSERT INTO PROGRAMMING_LANGUAGES_DEVELOPERS VALUES(176,116)
INSERT INTO PROGRAMMING_LANGUAGES_DEVELOPERS VALUES(176,117)
INSERT INTO PROGRAMMING_LANGUAGES_DEVELOPERS VALUES(176,118)
INSERT INTO PROGRAMMING_LANGUAGES_DEVELOPERS VALUES(176,119)
INSERT INTO PROGRAMMING_LANGUAGES_DEVELOPERS VALUES(176,120)
INSERT INTO PROGRAMMING_LANGUAGES_DEVELOPERS VALUES(176,121)
INSERT INTO PROGRAMMING_LANGUAGES_DEVELOPERS VALUES(176,122)
INSERT INTO PROGRAMMING_LANGUAGES_DEVELOPERS VALUES(176,123)
INSERT INTO PROGRAMMING_LANGUAGES_DEVELOPERS VALUES(176,124)
INSERT INTO PROGRAMMING_LANGUAGES_DEVELOPERS VALUES(176,125)
INSERT INTO PROGRAMMING_LANGUAGES_DEVELOPERS VALUES(176,126)
INSERT INTO PROGRAMMING_LANGUAGES_DEVELOPERS VALUES(176,127)
INSERT INTO PROGRAMMING_LANGUAGES_DEVELOPERS VALUES(176,128)
INSERT INTO PROGRAMMING_LANGUAGES_DEVELOPERS VALUES(176,129)
INSERT INTO PROGRAMMING_LANGUAGES_DEVELOPERS VALUES(176,130)
INSERT INTO PROGRAMMING_LANGUAGES_DEVELOPERS VALUES(176,131)
INSERT INTO PROGRAMMING_LANGUAGES_DEVELOPERS VALUES(176,132)
INSERT INTO PROGRAMMING_LANGUAGES_DEVELOPERS VALUES(176,133)
INSERT INTO PROGRAMMING_LANGUAGES_DEVELOPERS VALUES(176,134)
INSERT INTO PROGRAMMING_LANGUAGES_DEVELOPERS VALUES(176,135)
INSERT INTO PROGRAMMING_LANGUAGES_DEVELOPERS VALUES(176,136)
INSERT INTO PROGRAMMING_LANGUAGES_DEVELOPERS VALUES(176,137)
INSERT INTO PROGRAMMING_LANGUAGES_DEVELOPERS VALUES(176,138)
INSERT INTO PROGRAMMING_LANGUAGES_DEVELOPERS VALUES(176,139)
INSERT INTO PROGRAMMING_LANGUAGES_DEVELOPERS VALUES(176,140)
INSERT INTO PROGRAMMING_LANGUAGES_DEVELOPERS VALUES(176,141)
INSERT INTO PROGRAMMING_LANGUAGES_DEVELOPERS VALUES(176,142)
INSERT INTO PROGRAMMING_LANGUAGES_DEVELOPERS VALUES(176,143)
INSERT INTO PROGRAMMING_LANGUAGES_DEVELOPERS VALUES(178,58)
INSERT INTO PROGRAMMING_LANGUAGES_DEVELOPERS VALUES(178,59)
INSERT INTO PROGRAMMING_LANGUAGES_DEVELOPERS VALUES(178,60)
INSERT INTO PROGRAMMING_LANGUAGES_DEVELOPERS VALUES(178,61)
INSERT INTO PROGRAMMING_LANGUAGES_DEVELOPERS VALUES(178,62)
INSERT INTO PROGRAMMING_LANGUAGES_DEVELOPERS VALUES(178,63)
INSERT INTO PROGRAMMING_LANGUAGES_DEVELOPERS VALUES(178,64)
INSERT INTO PROGRAMMING_LANGUAGES_DEVELOPERS VALUES(178,65)
INSERT INTO PROGRAMMING_LANGUAGES_DEVELOPERS VALUES(178,66)
INSERT INTO PROGRAMMING_LANGUAGES_DEVELOPERS VALUES(178,67)
INSERT INTO PROGRAMMING_LANGUAGES_DEVELOPERS VALUES(178,68)
INSERT INTO PROGRAMMING_LANGUAGES_DEVELOPERS VALUES(178,69)
INSERT INTO PROGRAMMING_LANGUAGES_DEVELOPERS VALUES(178,70)
INSERT INTO PROGRAMMING_LANGUAGES_DEVELOPERS VALUES(178,71)
INSERT INTO PROGRAMMING_LANGUAGES_DEVELOPERS VALUES(178,72)
INSERT INTO PROGRAMMING_LANGUAGES_DEVELOPERS VALUES(178,73)
INSERT INTO PROGRAMMING_LANGUAGES_DEVELOPERS VALUES(178,74)
INSERT INTO PROGRAMMING_LANGUAGES_DEVELOPERS VALUES(178,75)
INSERT INTO PROGRAMMING_LANGUAGES_DEVELOPERS VALUES(178,76)
INSERT INTO PROGRAMMING_LANGUAGES_DEVELOPERS VALUES(178,77)
INSERT INTO PROGRAMMING_LANGUAGES_DEVELOPERS VALUES(178,78)
INSERT INTO PROGRAMMING_LANGUAGES_DEVELOPERS VALUES(178,79)
INSERT INTO PROGRAMMING_LANGUAGES_DEVELOPERS VALUES(178,80)
INSERT INTO PROGRAMMING_LANGUAGES_DEVELOPERS VALUES(178,81)
INSERT INTO PROGRAMMING_LANGUAGES_DEVELOPERS VALUES(178,82)
INSERT INTO PROGRAMMING_LANGUAGES_DEVELOPERS VALUES(178,83)
INSERT INTO PROGRAMMING_LANGUAGES_DEVELOPERS VALUES(178,84)
INSERT INTO PROGRAMMING_LANGUAGES_DEVELOPERS VALUES(178,85)
INSERT INTO PROGRAMMING_LANGUAGES_DEVELOPERS VALUES(179,106)
INSERT INTO PROGRAMMING_LANGUAGES_DEVELOPERS VALUES(179,107)
INSERT INTO PROGRAMMING_LANGUAGES_DEVELOPERS VALUES(179,108)
INSERT INTO PROGRAMMING_LANGUAGES_DEVELOPERS VALUES(179,109)
INSERT INTO PROGRAMMING_LANGUAGES_DEVELOPERS VALUES(179,110)
INSERT INTO PROGRAMMING_LANGUAGES_DEVELOPERS VALUES(179,111)
INSERT INTO PROGRAMMING_LANGUAGES_DEVELOPERS VALUES(179,112)
INSERT INTO PROGRAMMING_LANGUAGES_DEVELOPERS VALUES(179,113)
INSERT INTO PROGRAMMING_LANGUAGES_DEVELOPERS VALUES(179,114)
INSERT INTO PROGRAMMING_LANGUAGES_DEVELOPERS VALUES(179,115)
INSERT INTO PROGRAMMING_LANGUAGES_DEVELOPERS VALUES(179,116)
INSERT INTO PROGRAMMING_LANGUAGES_DEVELOPERS VALUES(179,117)
INSERT INTO PROGRAMMING_LANGUAGES_DEVELOPERS VALUES(179,118)
INSERT INTO PROGRAMMING_LANGUAGES_DEVELOPERS VALUES(179,119)
INSERT INTO PROGRAMMING_LANGUAGES_DEVELOPERS VALUES(179,120)
INSERT INTO PROGRAMMING_LANGUAGES_DEVELOPERS VALUES(179,121)
INSERT INTO PROGRAMMING_LANGUAGES_DEVELOPERS VALUES(179,122)
INSERT INTO PROGRAMMING_LANGUAGES_DEVELOPERS VALUES(179,123)
INSERT INTO PROGRAMMING_LANGUAGES_DEVELOPERS VALUES(179,124)
INSERT INTO PROGRAMMING_LANGUAGES_DEVELOPERS VALUES(179,125)
INSERT INTO PROGRAMMING_LANGUAGES_DEVELOPERS VALUES(179,126)
INSERT INTO PROGRAMMING_LANGUAGES_DEVELOPERS VALUES(179,127)
INSERT INTO PROGRAMMING_LANGUAGES_DEVELOPERS VALUES(179,128)
INSERT INTO PROGRAMMING_LANGUAGES_DEVELOPERS VALUES(179,129)
INSERT INTO PROGRAMMING_LANGUAGES_DEVELOPERS VALUES(179,130)
INSERT INTO PROGRAMMING_LANGUAGES_DEVELOPERS VALUES(179,131)
INSERT INTO PROGRAMMING_LANGUAGES_DEVELOPERS VALUES(179,132)
INSERT INTO PROGRAMMING_LANGUAGES_DEVELOPERS VALUES(179,133)
INSERT INTO PROGRAMMING_LANGUAGES_DEVELOPERS VALUES(179,134)
INSERT INTO PROGRAMMING_LANGUAGES_DEVELOPERS VALUES(179,135)
INSERT INTO PROGRAMMING_LANGUAGES_DEVELOPERS VALUES(180,30)
INSERT INTO PROGRAMMING_LANGUAGES_DEVELOPERS VALUES(182,87)
INSERT INTO PROGRAMMING_LANGUAGES_DEVELOPERS VALUES(182,88)
INSERT INTO PROGRAMMING_LANGUAGES_DEVELOPERS VALUES(182,89)
INSERT INTO PROGRAMMING_LANGUAGES_DEVELOPERS VALUES(182,90)
INSERT INTO PROGRAMMING_LANGUAGES_DEVELOPERS VALUES(182,91)
INSERT INTO PROGRAMMING_LANGUAGES_DEVELOPERS VALUES(182,92)
INSERT INTO PROGRAMMING_LANGUAGES_DEVELOPERS VALUES(182,93)
INSERT INTO PROGRAMMING_LANGUAGES_DEVELOPERS VALUES(182,94)
INSERT INTO PROGRAMMING_LANGUAGES_DEVELOPERS VALUES(182,95)
INSERT INTO PROGRAMMING_LANGUAGES_DEVELOPERS VALUES(182,96)
INSERT INTO PROGRAMMING_LANGUAGES_DEVELOPERS VALUES(182,97)
INSERT INTO PROGRAMMING_LANGUAGES_DEVELOPERS VALUES(182,98)
INSERT INTO PROGRAMMING_LANGUAGES_DEVELOPERS VALUES(182,99)
INSERT INTO PROGRAMMING_LANGUAGES_DEVELOPERS VALUES(182,100)
INSERT INTO PROGRAMMING_LANGUAGES_DEVELOPERS VALUES(182,101)
INSERT INTO PROGRAMMING_LANGUAGES_DEVELOPERS VALUES(182,102)
INSERT INTO PROGRAMMING_LANGUAGES_DEVELOPERS VALUES(182,103)
INSERT INTO PROGRAMMING_LANGUAGES_DEVELOPERS VALUES(182,104)
INSERT INTO PROGRAMMING_LANGUAGES_DEVELOPERS VALUES(182,105)
INSERT INTO PROGRAMMING_LANGUAGES_DEVELOPERS VALUES(182,106)
INSERT INTO PROGRAMMING_LANGUAGES_DEVELOPERS VALUES(182,107)
INSERT INTO PROGRAMMING_LANGUAGES_DEVELOPERS VALUES(182,108)
INSERT INTO PROGRAMMING_LANGUAGES_DEVELOPERS VALUES(182,109)
INSERT INTO PROGRAMMING_LANGUAGES_DEVELOPERS VALUES(182,110)
INSERT INTO PROGRAMMING_LANGUAGES_DEVELOPERS VALUES(182,111)
INSERT INTO PROGRAMMING_LANGUAGES_DEVELOPERS VALUES(182,112)
INSERT INTO PROGRAMMING_LANGUAGES_DEVELOPERS VALUES(182,113)
INSERT INTO PROGRAMMING_LANGUAGES_DEVELOPERS VALUES(182,114)
INSERT INTO PROGRAMMING_LANGUAGES_DEVELOPERS VALUES(182,115)
INSERT INTO PROGRAMMING_LANGUAGES_DEVELOPERS VALUES(182,116)
INSERT INTO PROGRAMMING_LANGUAGES_DEVELOPERS VALUES(182,117)
INSERT INTO PROGRAMMING_LANGUAGES_DEVELOPERS VALUES(182,118)
INSERT INTO PROGRAMMING_LANGUAGES_DEVELOPERS VALUES(182,119)
INSERT INTO PROGRAMMING_LANGUAGES_DEVELOPERS VALUES(182,120)
INSERT INTO PROGRAMMING_LANGUAGES_DEVELOPERS VALUES(182,121)
INSERT INTO PROGRAMMING_LANGUAGES_DEVELOPERS VALUES(182,122)
INSERT INTO PROGRAMMING_LANGUAGES_DEVELOPERS VALUES(183,127)
INSERT INTO PROGRAMMING_LANGUAGES_DEVELOPERS VALUES(183,128)
INSERT INTO PROGRAMMING_LANGUAGES_DEVELOPERS VALUES(183,129)
INSERT INTO PROGRAMMING_LANGUAGES_DEVELOPERS VALUES(183,130)
INSERT INTO PROGRAMMING_LANGUAGES_DEVELOPERS VALUES(183,131)
INSERT INTO PROGRAMMING_LANGUAGES_DEVELOPERS VALUES(183,132)
INSERT INTO PROGRAMMING_LANGUAGES_DEVELOPERS VALUES(183,133)
INSERT INTO PROGRAMMING_LANGUAGES_DEVELOPERS VALUES(183,134)
INSERT INTO PROGRAMMING_LANGUAGES_DEVELOPERS VALUES(183,135)
INSERT INTO PROGRAMMING_LANGUAGES_DEVELOPERS VALUES(183,136)
INSERT INTO PROGRAMMING_LANGUAGES_DEVELOPERS VALUES(183,137)
INSERT INTO PROGRAMMING_LANGUAGES_DEVELOPERS VALUES(183,138)
INSERT INTO PROGRAMMING_LANGUAGES_DEVELOPERS VALUES(183,139)
INSERT INTO PROGRAMMING_LANGUAGES_DEVELOPERS VALUES(183,140)
INSERT INTO PROGRAMMING_LANGUAGES_DEVELOPERS VALUES(184,112)
INSERT INTO PROGRAMMING_LANGUAGES_DEVELOPERS VALUES(184,113)
INSERT INTO PROGRAMMING_LANGUAGES_DEVELOPERS VALUES(184,114)
INSERT INTO PROGRAMMING_LANGUAGES_DEVELOPERS VALUES(184,115)
INSERT INTO PROGRAMMING_LANGUAGES_DEVELOPERS VALUES(184,116)
INSERT INTO PROGRAMMING_LANGUAGES_DEVELOPERS VALUES(184,117)
INSERT INTO PROGRAMMING_LANGUAGES_DEVELOPERS VALUES(184,118)
INSERT INTO PROGRAMMING_LANGUAGES_DEVELOPERS VALUES(184,119)
INSERT INTO PROGRAMMING_LANGUAGES_DEVELOPERS VALUES(184,120)
INSERT INTO PROGRAMMING_LANGUAGES_DEVELOPERS VALUES(184,121)
INSERT INTO PROGRAMMING_LANGUAGES_DEVELOPERS VALUES(184,122)
INSERT INTO PROGRAMMING_LANGUAGES_DEVELOPERS VALUES(184,123)
ALTER SEQUENCE PUBLIC.HIBERNATE_SEQUENCE RESTART WITH 185
COMMIT
INSERT INTO PROGRAMMING_LANGUAGES VALUES(185,'LISP')
INSERT INTO PROGRAMMING_LANGUAGES VALUES(186,'LUA')
INSERT INTO PROGRAMMING_LANGUAGES VALUES(187,'COBOL')
INSERT INTO PROGRAMMING_LANGUAGES VALUES(188,'ruby')
INSERT INTO PROGRAMMING_LANGUAGES VALUES(189,'Javascript')
ALTER SEQUENCE PUBLIC.HIBERNATE_SEQUENCE RESTART WITH 190
COMMIT
